{"/home/travis/build/npmtest/node-npmtest-cucumber/test.js":{"path":"/home/travis/build/npmtest/node-npmtest-cucumber/test.js","s":{"1":2,"2":2,"3":2,"4":2,"5":2,"6":2,"7":2,"8":1,"9":2,"10":2,"11":1,"12":1,"13":1,"14":1,"15":2,"16":2,"17":2,"18":2,"19":1,"20":1,"21":2,"22":2,"23":2,"24":1,"25":1,"26":1,"27":1,"28":1,"29":1,"30":1,"31":1,"32":1,"33":1,"34":1,"35":1,"36":2,"37":2,"38":1,"39":2,"40":2,"41":1,"42":2,"43":2,"44":1,"45":1,"46":1,"47":1,"48":1},"b":{"1":[2,1,1,1],"2":[1,1,1,1],"3":[1,1],"4":[1,1],"5":[1,1],"6":[1,1],"7":[1,1],"8":[1,1],"9":[1,1,1],"10":[1,1],"11":[1,1],"12":[1,1],"13":[1,1],"14":[1,1],"15":[1,1]},"f":{"1":2,"2":2,"3":2,"4":2,"5":2,"6":1,"7":1,"8":2,"9":2,"10":2,"11":1},"fnMap":{"1":{"name":"(anonymous_1)","line":12,"loc":{"start":{"line":12,"column":1},"end":{"line":12,"column":13}}},"2":{"name":"(anonymous_2)","line":19,"loc":{"start":{"line":19,"column":5},"end":{"line":19,"column":17}}},"3":{"name":"(anonymous_3)","line":23,"loc":{"start":{"line":23,"column":24},"end":{"line":23,"column":36}}},"4":{"name":"(anonymous_4)","line":61,"loc":{"start":{"line":61,"column":5},"end":{"line":61,"column":17}}},"5":{"name":"(anonymous_5)","line":82,"loc":{"start":{"line":82,"column":5},"end":{"line":82,"column":17}}},"6":{"name":"(anonymous_6)","line":102,"loc":{"start":{"line":102,"column":83},"end":{"line":105,"column":10}},"skip":true},"7":{"name":"(anonymous_7)","line":113,"loc":{"start":{"line":113,"column":77},"end":{"line":116,"column":10}},"skip":true},"8":{"name":"(anonymous_8)","line":127,"loc":{"start":{"line":127,"column":77},"end":{"line":130,"column":10}},"skip":true},"9":{"name":"(anonymous_9)","line":138,"loc":{"start":{"line":138,"column":83},"end":{"line":141,"column":10}},"skip":true},"10":{"name":"(anonymous_10)","line":149,"loc":{"start":{"line":149,"column":79},"end":{"line":152,"column":10}},"skip":true},"11":{"name":"(anonymous_11)","line":160,"loc":{"start":{"line":160,"column":75},"end":{"line":163,"column":10}},"skip":true}},"statementMap":{"1":{"start":{"line":12,"column":0},"end":{"line":175,"column":5}},"2":{"start":{"line":14,"column":4},"end":{"line":14,"column":14}},"3":{"start":{"line":19,"column":4},"end":{"line":56,"column":9}},"4":{"start":{"line":21,"column":8},"end":{"line":21,"column":19}},"5":{"start":{"line":23,"column":8},"end":{"line":35,"column":13}},"6":{"start":{"line":24,"column":12},"end":{"line":34,"column":13}},"7":{"start":{"line":25,"column":16},"end":{"line":28,"column":30}},"8":{"start":{"line":30,"column":16},"end":{"line":33,"column":27}},"9":{"start":{"line":37,"column":8},"end":{"line":39,"column":21}},"10":{"start":{"line":40,"column":8},"end":{"line":53,"column":9}},"11":{"start":{"line":43,"column":12},"end":{"line":46,"column":14}},"12":{"start":{"line":47,"column":12},"end":{"line":47,"column":18}},"13":{"start":{"line":50,"column":12},"end":{"line":51,"column":46}},"14":{"start":{"line":52,"column":12},"end":{"line":52,"column":18}},"15":{"start":{"line":55,"column":8},"end":{"line":55,"column":35}},"16":{"start":{"line":61,"column":4},"end":{"line":63,"column":9}},"17":{"start":{"line":62,"column":8},"end":{"line":62,"column":15}},"18":{"start":{"line":64,"column":4},"end":{"line":77,"column":5}},"19":{"start":{"line":70,"column":8},"end":{"line":70,"column":14}},"20":{"start":{"line":76,"column":8},"end":{"line":76,"column":14}},"21":{"start":{"line":82,"column":4},"end":{"line":84,"column":9}},"22":{"start":{"line":83,"column":8},"end":{"line":83,"column":15}},"23":{"start":{"line":85,"column":4},"end":{"line":174,"column":5}},"24":{"start":{"line":92,"column":8},"end":{"line":94,"column":63}},"25":{"start":{"line":95,"column":8},"end":{"line":95,"column":14}},"26":{"start":{"line":102,"column":8},"end":{"line":111,"column":10},"skip":true},"27":{"start":{"line":109,"column":12},"end":{"line":109,"column":55},"skip":true},"28":{"start":{"line":110,"column":12},"end":{"line":110,"column":48},"skip":true},"29":{"start":{"line":113,"column":8},"end":{"line":125,"column":10},"skip":true},"30":{"start":{"line":120,"column":12},"end":{"line":120,"column":76},"skip":true},"31":{"start":{"line":121,"column":12},"end":{"line":121,"column":73},"skip":true},"32":{"start":{"line":122,"column":12},"end":{"line":122,"column":74},"skip":true},"33":{"start":{"line":123,"column":12},"end":{"line":123,"column":25},"skip":true},"34":{"start":{"line":124,"column":12},"end":{"line":124,"column":45},"skip":true},"35":{"start":{"line":127,"column":8},"end":{"line":136,"column":10},"skip":true},"36":{"start":{"line":134,"column":12},"end":{"line":134,"column":25},"skip":true},"37":{"start":{"line":135,"column":12},"end":{"line":135,"column":45},"skip":true},"38":{"start":{"line":138,"column":8},"end":{"line":147,"column":10},"skip":true},"39":{"start":{"line":145,"column":12},"end":{"line":145,"column":25},"skip":true},"40":{"start":{"line":146,"column":12},"end":{"line":146,"column":48},"skip":true},"41":{"start":{"line":149,"column":8},"end":{"line":158,"column":10},"skip":true},"42":{"start":{"line":156,"column":12},"end":{"line":156,"column":25},"skip":true},"43":{"start":{"line":157,"column":12},"end":{"line":157,"column":46},"skip":true},"44":{"start":{"line":160,"column":8},"end":{"line":169,"column":10},"skip":true},"45":{"start":{"line":167,"column":12},"end":{"line":167,"column":94},"skip":true},"46":{"start":{"line":168,"column":12},"end":{"line":168,"column":48},"skip":true},"47":{"start":{"line":172,"column":8},"end":{"line":172,"column":35},"skip":true},"48":{"start":{"line":173,"column":8},"end":{"line":173,"column":14},"skip":true}},"branchMap":{"1":{"line":25,"type":"binary-expr","locations":[{"start":{"line":25,"column":23},"end":{"line":25,"column":62}},{"start":{"line":26,"column":20},"end":{"line":26,"column":70}},{"start":{"line":27,"column":20},"end":{"line":27,"column":71}},{"start":{"line":28,"column":20},"end":{"line":28,"column":29}}]},"2":{"line":30,"type":"binary-expr","locations":[{"start":{"line":30,"column":23},"end":{"line":30,"column":37}},{"start":{"line":31,"column":20},"end":{"line":31,"column":61}},{"start":{"line":32,"column":20},"end":{"line":32,"column":70}},{"start":{"line":33,"column":20},"end":{"line":33,"column":26}}]},"3":{"line":37,"type":"cond-expr","locations":[{"start":{"line":38,"column":14},"end":{"line":38,"column":20}},{"start":{"line":39,"column":14},"end":{"line":39,"column":20}}]},"4":{"line":40,"type":"switch","locations":[{"start":{"line":42,"column":8},"end":{"line":47,"column":18}},{"start":{"line":49,"column":8},"end":{"line":52,"column":18}}]},"5":{"line":44,"type":"binary-expr","locations":[{"start":{"line":44,"column":16},"end":{"line":44,"column":44}},{"start":{"line":44,"column":48},"end":{"line":44,"column":66}}]},"6":{"line":50,"type":"binary-expr","locations":[{"start":{"line":50,"column":21},"end":{"line":50,"column":49}},{"start":{"line":50,"column":53},"end":{"line":50,"column":72}}]},"7":{"line":64,"type":"switch","locations":[{"start":{"line":69,"column":4},"end":{"line":70,"column":14}},{"start":{"line":75,"column":4},"end":{"line":76,"column":14}}]},"8":{"line":85,"type":"switch","locations":[{"start":{"line":90,"column":4},"end":{"line":95,"column":14}},{"start":{"line":101,"column":4},"end":{"line":173,"column":14},"skip":true}]},"9":{"line":92,"type":"binary-expr","locations":[{"start":{"line":92,"column":18},"end":{"line":92,"column":32}},{"start":{"line":93,"column":12},"end":{"line":93,"column":53}},{"start":{"line":94,"column":12},"end":{"line":94,"column":61}}]},"10":{"line":102,"type":"binary-expr","locations":[{"start":{"line":102,"column":45},"end":{"line":102,"column":79},"skip":true},{"start":{"line":102,"column":83},"end":{"line":111,"column":9},"skip":true}]},"11":{"line":113,"type":"binary-expr","locations":[{"start":{"line":113,"column":42},"end":{"line":113,"column":73},"skip":true},{"start":{"line":113,"column":77},"end":{"line":125,"column":9},"skip":true}]},"12":{"line":127,"type":"binary-expr","locations":[{"start":{"line":127,"column":42},"end":{"line":127,"column":73},"skip":true},{"start":{"line":127,"column":77},"end":{"line":136,"column":9},"skip":true}]},"13":{"line":138,"type":"binary-expr","locations":[{"start":{"line":138,"column":45},"end":{"line":138,"column":79},"skip":true},{"start":{"line":138,"column":83},"end":{"line":147,"column":9},"skip":true}]},"14":{"line":149,"type":"binary-expr","locations":[{"start":{"line":149,"column":43},"end":{"line":149,"column":75},"skip":true},{"start":{"line":149,"column":79},"end":{"line":158,"column":9},"skip":true}]},"15":{"line":160,"type":"binary-expr","locations":[{"start":{"line":160,"column":41},"end":{"line":160,"column":71},"skip":true},{"start":{"line":160,"column":75},"end":{"line":169,"column":9},"skip":true}]}},"code":["/* istanbul instrument in package npmtest_cucumber */","/*jslint","    bitwise: true,","    browser: true,","    maxerr: 8,","    maxlen: 96,","    node: true,","    nomen: true,","    regexp: true,","    stupid: true","*/","(function () {","    'use strict';","    var local;","","","","    // run shared js-env code - pre-init","    (function () {","        // init local","        local = {};","        // init modeJs","        local.modeJs = (function () {","            try {","                return typeof navigator.userAgent === 'string' &&","                    typeof document.querySelector('body') === 'object' &&","                    typeof XMLHttpRequest.prototype.open === 'function' &&","                    'browser';","            } catch (errorCaughtBrowser) {","                return module.exports &&","                    typeof process.versions.node === 'string' &&","                    typeof require('http').createServer === 'function' &&","                    'node';","            }","        }());","        // init global","        local.global = local.modeJs === 'browser'","            ? window","            : global;","        switch (local.modeJs) {","        // re-init local from window.local","        case 'browser':","            local = local.global.utility2.objectSetDefault(","                local.global.utility2_rollup || local.global.local,","                local.global.utility2","            );","            break;","        // re-init local from example.js","        case 'node':","            local = (local.global.utility2_rollup || require('utility2'))","                .requireExampleJsFromReadme();","            break;","        }","        // export local","        local.global.local = local;","    }());","","","","    // run shared js-env code - function","    (function () {","        return;","    }());","    switch (local.modeJs) {","","","","    // run browser js-env code - function","    case 'browser':","        break;","","","","    // run node js-env code - function","    case 'node':","        break;","    }","","","","    // run shared js-env code - post-init","    (function () {","        return;","    }());","    switch (local.modeJs) {","","","","    // run browser js-env code - post-init","    case 'browser':","        // run tests","        local.nop(local.modeTest &&","            document.querySelector('#testRunButton1') &&","            document.querySelector('#testRunButton1').click());","        break;","","","","    // run node js-env code - post-init","    /* istanbul ignore next */","    case 'node':","        local.testCase_buildApidoc_default = local.testCase_buildApidoc_default || function (","            options,","            onError","        ) {","        /*","         * this function will test buildApidoc's default handling-behavior-behavior","         */","            options = { modulePathList: module.paths };","            local.buildApidoc(options, onError);","        };","","        local.testCase_buildApp_default = local.testCase_buildApp_default || function (","            options,","            onError","        ) {","        /*","         * this function will test buildApp's default handling-behavior-behavior","         */","            local.testCase_buildReadme_default(options, local.onErrorThrow);","            local.testCase_buildLib_default(options, local.onErrorThrow);","            local.testCase_buildTest_default(options, local.onErrorThrow);","            options = [];","            local.buildApp(options, onError);","        };","","        local.testCase_buildLib_default = local.testCase_buildLib_default || function (","            options,","            onError","        ) {","        /*","         * this function will test buildLib's default handling-behavior","         */","            options = {};","            local.buildLib(options, onError);","        };","","        local.testCase_buildReadme_default = local.testCase_buildReadme_default || function (","            options,","            onError","        ) {","        /*","         * this function will test buildReadme's default handling-behavior-behavior","         */","            options = {};","            local.buildReadme(options, onError);","        };","","        local.testCase_buildTest_default = local.testCase_buildTest_default || function (","            options,","            onError","        ) {","        /*","         * this function will test buildTest's default handling-behavior","         */","            options = {};","            local.buildTest(options, onError);","        };","","        local.testCase_webpage_default = local.testCase_webpage_default || function (","            options,","            onError","        ) {","        /*","         * this function will test webpage's default handling-behavior","         */","            options = { modeCoverageMerge: true, url: local.serverLocalHost + '?modeTest=1' };","            local.browserTest(options, onError);","        };","","        // run test-server","        local.testRunServer(local);","        break;","    }","}());",""],"l":{"12":2,"14":2,"19":2,"21":2,"23":2,"24":2,"25":2,"30":1,"37":2,"40":2,"43":1,"47":1,"50":1,"52":1,"55":2,"61":2,"62":2,"64":2,"70":1,"76":1,"82":2,"83":2,"85":2,"92":1,"95":1,"102":1,"109":1,"110":1,"113":1,"120":1,"121":1,"122":1,"123":1,"124":1,"127":1,"134":2,"135":2,"138":1,"145":2,"146":2,"149":1,"156":2,"157":2,"160":1,"167":1,"168":1,"172":1,"173":1}},"/home/travis/build/npmtest/node-npmtest-cucumber/lib.npmtest_cucumber.js":{"path":"/home/travis/build/npmtest/node-npmtest-cucumber/lib.npmtest_cucumber.js","s":{"1":2,"2":2,"3":2,"4":2,"5":2,"6":2,"7":2,"8":1,"9":2,"10":2,"11":2,"12":2,"13":1,"14":1,"15":1,"16":1},"b":{"1":[2,1,1,1],"2":[1,1,1,1],"3":[1,1],"4":[2,2],"5":[1,1]},"f":{"1":2,"2":2,"3":2},"fnMap":{"1":{"name":"(anonymous_1)","line":12,"loc":{"start":{"line":12,"column":1},"end":{"line":12,"column":13}}},"2":{"name":"(anonymous_2)","line":19,"loc":{"start":{"line":19,"column":5},"end":{"line":19,"column":17}}},"3":{"name":"(anonymous_3)","line":23,"loc":{"start":{"line":23,"column":24},"end":{"line":23,"column":36}}}},"statementMap":{"1":{"start":{"line":12,"column":0},"end":{"line":53,"column":5}},"2":{"start":{"line":14,"column":4},"end":{"line":14,"column":14}},"3":{"start":{"line":19,"column":4},"end":{"line":52,"column":9}},"4":{"start":{"line":21,"column":8},"end":{"line":21,"column":19}},"5":{"start":{"line":23,"column":8},"end":{"line":35,"column":13}},"6":{"start":{"line":24,"column":12},"end":{"line":34,"column":13}},"7":{"start":{"line":25,"column":16},"end":{"line":28,"column":30}},"8":{"start":{"line":30,"column":16},"end":{"line":33,"column":27}},"9":{"start":{"line":37,"column":8},"end":{"line":39,"column":21}},"10":{"start":{"line":41,"column":8},"end":{"line":41,"column":54}},"11":{"start":{"line":43,"column":8},"end":{"line":43,"column":53}},"12":{"start":{"line":45,"column":8},"end":{"line":51,"column":9}},"13":{"start":{"line":46,"column":12},"end":{"line":46,"column":59}},"14":{"start":{"line":48,"column":12},"end":{"line":48,"column":35}},"15":{"start":{"line":49,"column":12},"end":{"line":49,"column":49}},"16":{"start":{"line":50,"column":12},"end":{"line":50,"column":43}}},"branchMap":{"1":{"line":25,"type":"binary-expr","locations":[{"start":{"line":25,"column":23},"end":{"line":25,"column":62}},{"start":{"line":26,"column":20},"end":{"line":26,"column":70}},{"start":{"line":27,"column":20},"end":{"line":27,"column":71}},{"start":{"line":28,"column":20},"end":{"line":28,"column":29}}]},"2":{"line":30,"type":"binary-expr","locations":[{"start":{"line":30,"column":23},"end":{"line":30,"column":37}},{"start":{"line":31,"column":20},"end":{"line":31,"column":61}},{"start":{"line":32,"column":20},"end":{"line":32,"column":70}},{"start":{"line":33,"column":20},"end":{"line":33,"column":26}}]},"3":{"line":37,"type":"cond-expr","locations":[{"start":{"line":38,"column":14},"end":{"line":38,"column":20}},{"start":{"line":39,"column":14},"end":{"line":39,"column":20}}]},"4":{"line":41,"type":"binary-expr","locations":[{"start":{"line":41,"column":16},"end":{"line":41,"column":44}},{"start":{"line":41,"column":48},"end":{"line":41,"column":53}}]},"5":{"line":45,"type":"if","locations":[{"start":{"line":45,"column":8},"end":{"line":45,"column":8}},{"start":{"line":45,"column":8},"end":{"line":45,"column":8}}]}},"code":["/* istanbul instrument in package npmtest_cucumber */","/*jslint","    bitwise: true,","    browser: true,","    maxerr: 8,","    maxlen: 96,","    node: true,","    nomen: true,","    regexp: true,","    stupid: true","*/","(function () {","    'use strict';","    var local;","","","","    // run shared js-env code - pre-init","    (function () {","        // init local","        local = {};","        // init modeJs","        local.modeJs = (function () {","            try {","                return typeof navigator.userAgent === 'string' &&","                    typeof document.querySelector('body') === 'object' &&","                    typeof XMLHttpRequest.prototype.open === 'function' &&","                    'browser';","            } catch (errorCaughtBrowser) {","                return module.exports &&","                    typeof process.versions.node === 'string' &&","                    typeof require('http').createServer === 'function' &&","                    'node';","            }","        }());","        // init global","        local.global = local.modeJs === 'browser'","            ? window","            : global;","        // init utility2_rollup","        local = local.global.utility2_rollup || local;","        // init lib","        local.local = local.npmtest_cucumber = local;","        // init exports","        if (local.modeJs === 'browser') {","            local.global.utility2_npmtest_cucumber = local;","        } else {","            module.exports = local;","            module.exports.__dirname = __dirname;","            module.exports.module = module;","        }","    }());","}());",""],"l":{"12":2,"14":2,"19":2,"21":2,"23":2,"24":2,"25":2,"30":1,"37":2,"41":2,"43":2,"45":2,"46":1,"48":1,"49":1,"50":1}},"/home/travis/build/npmtest/node-npmtest-cucumber/example.js":{"path":"/home/travis/build/npmtest/node-npmtest-cucumber/example.js","s":{"1":2,"2":2,"3":2,"4":2,"5":2,"6":2,"7":2,"8":1,"9":2,"10":2,"11":2,"12":2,"13":1,"14":2,"15":2,"16":2,"17":2,"18":2,"19":0,"20":2,"21":1,"22":1,"23":1,"24":1,"25":1,"26":0,"27":0,"28":1,"29":1,"30":2,"31":0,"32":0,"33":0,"34":1,"35":2,"36":2,"37":2,"38":2,"39":2,"40":2,"41":0,"42":2,"43":2,"44":2,"45":1,"46":3,"47":1,"48":1,"49":1,"50":1,"51":1,"52":1,"53":1,"54":1,"55":1,"56":1,"57":0,"58":1,"59":6,"60":6,"61":1,"62":2,"63":0,"64":2,"65":1,"66":1,"67":0,"68":0,"69":0,"70":0,"71":0,"72":0,"73":0,"74":0,"75":0,"76":0,"77":0,"78":0,"79":0,"80":0,"81":0,"82":0,"83":0},"b":{"1":[2,1,1,1],"2":[1,1,1,1],"3":[1,1],"4":[2,2],"5":[1,1],"6":[1,1],"7":[2,0],"8":[2,1,1,1,1,1],"9":[0,2,0],"10":[1,1],"11":[2,1,1],"12":[1,0],"13":[0,2],"14":[2,0,0,0,0,0,0],"15":[0,2],"16":[2,0],"17":[1,1],"18":[0,1],"19":[1,2,0,2],"20":[1,0],"21":[1,1],"22":[0,0],"23":[0,0],"24":[0,0],"25":[0,0],"26":[0,0],"27":[0,0],"28":[0,0]},"f":{"1":2,"2":2,"3":2,"4":2,"5":2,"6":2,"7":2,"8":2,"9":3,"10":1,"11":6,"12":0},"fnMap":{"1":{"name":"(anonymous_1)","line":26,"loc":{"start":{"line":26,"column":1},"end":{"line":26,"column":13}}},"2":{"name":"(anonymous_2)","line":33,"loc":{"start":{"line":33,"column":5},"end":{"line":33,"column":17}}},"3":{"name":"(anonymous_3)","line":37,"loc":{"start":{"line":37,"column":24},"end":{"line":37,"column":36}}},"4":{"name":"(anonymous_4)","line":69,"loc":{"start":{"line":69,"column":31},"end":{"line":69,"column":48}},"skip":true},"5":{"name":"(anonymous_5)","line":78,"loc":{"start":{"line":78,"column":26},"end":{"line":78,"column":45}},"skip":true},"6":{"name":"(anonymous_6)","line":123,"loc":{"start":{"line":123,"column":33},"end":{"line":123,"column":48}},"skip":true},"7":{"name":"(anonymous_7)","line":125,"loc":{"start":{"line":125,"column":27},"end":{"line":125,"column":39}},"skip":true},"8":{"name":"(anonymous_8)","line":133,"loc":{"start":{"line":133,"column":59},"end":{"line":133,"column":74}},"skip":true},"9":{"name":"(anonymous_9)","line":143,"loc":{"start":{"line":143,"column":45},"end":{"line":143,"column":62}},"skip":true},"10":{"name":"(anonymous_10)","line":144,"loc":{"start":{"line":144,"column":73},"end":{"line":144,"column":92}},"skip":true},"11":{"name":"(anonymous_11)","line":272,"loc":{"start":{"line":272,"column":51},"end":{"line":272,"column":77}},"skip":true},"12":{"name":"(anonymous_12)","line":314,"loc":{"start":{"line":314,"column":32},"end":{"line":314,"column":61}},"skip":true}},"statementMap":{"1":{"start":{"line":26,"column":0},"end":{"line":325,"column":5}},"2":{"start":{"line":28,"column":4},"end":{"line":28,"column":14}},"3":{"start":{"line":33,"column":4},"end":{"line":60,"column":9}},"4":{"start":{"line":35,"column":8},"end":{"line":35,"column":19}},"5":{"start":{"line":37,"column":8},"end":{"line":49,"column":13}},"6":{"start":{"line":38,"column":12},"end":{"line":48,"column":13}},"7":{"start":{"line":39,"column":16},"end":{"line":42,"column":30}},"8":{"start":{"line":44,"column":16},"end":{"line":47,"column":27}},"9":{"start":{"line":51,"column":8},"end":{"line":53,"column":21}},"10":{"start":{"line":55,"column":8},"end":{"line":57,"column":45}},"11":{"start":{"line":59,"column":8},"end":{"line":59,"column":35}},"12":{"start":{"line":61,"column":4},"end":{"line":324,"column":5}},"13":{"start":{"line":69,"column":8},"end":{"line":121,"column":10},"skip":true},"14":{"start":{"line":70,"column":12},"end":{"line":88,"column":13},"skip":true},"15":{"start":{"line":76,"column":16},"end":{"line":87,"column":19},"skip":true},"16":{"start":{"line":79,"column":20},"end":{"line":86,"column":21},"skip":true},"17":{"start":{"line":82,"column":24},"end":{"line":82,"column":43},"skip":true},"18":{"start":{"line":83,"column":24},"end":{"line":83,"column":30},"skip":true},"19":{"start":{"line":85,"column":24},"end":{"line":85,"column":49},"skip":true},"20":{"start":{"line":89,"column":12},"end":{"line":107,"column":13},"skip":true},"21":{"start":{"line":92,"column":16},"end":{"line":102,"column":17},"skip":true},"22":{"start":{"line":93,"column":20},"end":{"line":93,"column":86},"skip":true},"23":{"start":{"line":94,"column":20},"end":{"line":95,"column":45},"skip":true},"24":{"start":{"line":96,"column":20},"end":{"line":96,"column":42},"skip":true},"25":{"start":{"line":97,"column":20},"end":{"line":97,"column":48},"skip":true},"26":{"start":{"line":100,"column":20},"end":{"line":100,"column":85},"skip":true},"27":{"start":{"line":101,"column":20},"end":{"line":101,"column":96},"skip":true},"28":{"start":{"line":103,"column":16},"end":{"line":103,"column":22},"skip":true},"29":{"start":{"line":106,"column":16},"end":{"line":106,"column":22},"skip":true},"30":{"start":{"line":108,"column":12},"end":{"line":120,"column":13},"skip":true},"31":{"start":{"line":114,"column":16},"end":{"line":119,"column":17},"skip":true},"32":{"start":{"line":116,"column":20},"end":{"line":116,"column":78},"skip":true},"33":{"start":{"line":118,"column":20},"end":{"line":118,"column":53},"skip":true},"34":{"start":{"line":123,"column":8},"end":{"line":141,"column":11},"skip":true},"35":{"start":{"line":124,"column":12},"end":{"line":124,"column":54},"skip":true},"36":{"start":{"line":125,"column":12},"end":{"line":140,"column":14},"skip":true},"37":{"start":{"line":126,"column":16},"end":{"line":126,"column":28},"skip":true},"38":{"start":{"line":127,"column":16},"end":{"line":127,"column":69},"skip":true},"39":{"start":{"line":128,"column":16},"end":{"line":128,"column":75},"skip":true},"40":{"start":{"line":129,"column":16},"end":{"line":131,"column":17},"skip":true},"41":{"start":{"line":130,"column":20},"end":{"line":130,"column":27},"skip":true},"42":{"start":{"line":133,"column":16},"end":{"line":137,"column":36},"skip":true},"43":{"start":{"line":134,"column":20},"end":{"line":136,"column":55},"skip":true},"44":{"start":{"line":139,"column":16},"end":{"line":139,"column":57},"skip":true},"45":{"start":{"line":143,"column":8},"end":{"line":147,"column":11},"skip":true},"46":{"start":{"line":144,"column":12},"end":{"line":146,"column":15},"skip":true},"47":{"start":{"line":145,"column":16},"end":{"line":145,"column":70},"skip":true},"48":{"start":{"line":149,"column":8},"end":{"line":149,"column":31},"skip":true},"49":{"start":{"line":150,"column":8},"end":{"line":150,"column":14},"skip":true},"50":{"start":{"line":158,"column":8},"end":{"line":158,"column":31},"skip":true},"51":{"start":{"line":160,"column":8},"end":{"line":160,"column":33},"skip":true},"52":{"start":{"line":161,"column":8},"end":{"line":161,"column":37},"skip":true},"53":{"start":{"line":162,"column":8},"end":{"line":162,"column":35},"skip":true},"54":{"start":{"line":164,"column":8},"end":{"line":164,"column":50},"skip":true},"55":{"start":{"line":166,"column":8},"end":{"line":256,"column":2},"skip":true},"56":{"start":{"line":258,"column":8},"end":{"line":286,"column":9},"skip":true},"57":{"start":{"line":259,"column":12},"end":{"line":269,"column":14},"skip":true},"58":{"start":{"line":271,"column":12},"end":{"line":285,"column":19},"skip":true},"59":{"start":{"line":274,"column":20},"end":{"line":274,"column":35},"skip":true},"60":{"start":{"line":275,"column":20},"end":{"line":284,"column":21},"skip":true},"61":{"start":{"line":277,"column":24},"end":{"line":277,"column":64},"skip":true},"62":{"start":{"line":279,"column":24},"end":{"line":279,"column":40},"skip":true},"63":{"start":{"line":281,"column":24},"end":{"line":281,"column":40},"skip":true},"64":{"start":{"line":283,"column":24},"end":{"line":283,"column":39},"skip":true},"65":{"start":{"line":288,"column":8},"end":{"line":290,"column":9},"skip":true},"66":{"start":{"line":289,"column":12},"end":{"line":289,"column":18},"skip":true},"67":{"start":{"line":291,"column":8},"end":{"line":293,"column":54},"skip":true},"68":{"start":{"line":294,"column":8},"end":{"line":301,"column":37},"skip":true},"69":{"start":{"line":302,"column":8},"end":{"line":302,"column":82},"skip":true},"70":{"start":{"line":305,"column":8},"end":{"line":307,"column":9},"skip":true},"71":{"start":{"line":306,"column":12},"end":{"line":306,"column":82},"skip":true},"72":{"start":{"line":309,"column":8},"end":{"line":311,"column":9},"skip":true},"73":{"start":{"line":310,"column":12},"end":{"line":310,"column":18},"skip":true},"74":{"start":{"line":312,"column":8},"end":{"line":312,"column":54},"skip":true},"75":{"start":{"line":313,"column":8},"end":{"line":313,"column":69},"skip":true},"76":{"start":{"line":314,"column":8},"end":{"line":322,"column":36},"skip":true},"77":{"start":{"line":315,"column":12},"end":{"line":315,"column":61},"skip":true},"78":{"start":{"line":316,"column":12},"end":{"line":319,"column":13},"skip":true},"79":{"start":{"line":317,"column":16},"end":{"line":317,"column":75},"skip":true},"80":{"start":{"line":318,"column":16},"end":{"line":318,"column":23},"skip":true},"81":{"start":{"line":320,"column":12},"end":{"line":320,"column":38},"skip":true},"82":{"start":{"line":321,"column":12},"end":{"line":321,"column":27},"skip":true},"83":{"start":{"line":323,"column":8},"end":{"line":323,"column":14},"skip":true}},"branchMap":{"1":{"line":39,"type":"binary-expr","locations":[{"start":{"line":39,"column":23},"end":{"line":39,"column":62}},{"start":{"line":40,"column":20},"end":{"line":40,"column":70}},{"start":{"line":41,"column":20},"end":{"line":41,"column":71}},{"start":{"line":42,"column":20},"end":{"line":42,"column":29}}]},"2":{"line":44,"type":"binary-expr","locations":[{"start":{"line":44,"column":23},"end":{"line":44,"column":37}},{"start":{"line":45,"column":20},"end":{"line":45,"column":61}},{"start":{"line":46,"column":20},"end":{"line":46,"column":70}},{"start":{"line":47,"column":20},"end":{"line":47,"column":26}}]},"3":{"line":51,"type":"cond-expr","locations":[{"start":{"line":52,"column":14},"end":{"line":52,"column":20}},{"start":{"line":53,"column":14},"end":{"line":53,"column":20}}]},"4":{"line":55,"type":"binary-expr","locations":[{"start":{"line":55,"column":16},"end":{"line":55,"column":44}},{"start":{"line":55,"column":49},"end":{"line":57,"column":43}}]},"5":{"line":55,"type":"cond-expr","locations":[{"start":{"line":56,"column":14},"end":{"line":56,"column":52}},{"start":{"line":57,"column":14},"end":{"line":57,"column":43}}]},"6":{"line":61,"type":"switch","locations":[{"start":{"line":68,"column":4},"end":{"line":150,"column":14},"skip":true},{"start":{"line":156,"column":4},"end":{"line":323,"column":14},"skip":true}]},"7":{"line":70,"type":"if","locations":[{"start":{"line":70,"column":12},"end":{"line":70,"column":12},"skip":true},{"start":{"line":70,"column":12},"end":{"line":70,"column":12},"skip":true}]},"8":{"line":70,"type":"binary-expr","locations":[{"start":{"line":70,"column":16},"end":{"line":70,"column":22},"skip":true},{"start":{"line":70,"column":27},"end":{"line":70,"column":32},"skip":true},{"start":{"line":71,"column":20},"end":{"line":71,"column":39},"skip":true},{"start":{"line":72,"column":20},"end":{"line":72,"column":49},"skip":true},{"start":{"line":73,"column":20},"end":{"line":73,"column":58},"skip":true},{"start":{"line":74,"column":20},"end":{"line":74,"column":69},"skip":true}]},"9":{"line":79,"type":"switch","locations":[{"start":{"line":80,"column":20},"end":{"line":80,"column":33},"skip":true},{"start":{"line":81,"column":20},"end":{"line":83,"column":30},"skip":true},{"start":{"line":84,"column":20},"end":{"line":85,"column":49},"skip":true}]},"10":{"line":89,"type":"switch","locations":[{"start":{"line":90,"column":12},"end":{"line":103,"column":22},"skip":true},{"start":{"line":105,"column":12},"end":{"line":106,"column":22},"skip":true}]},"11":{"line":89,"type":"binary-expr","locations":[{"start":{"line":89,"column":20},"end":{"line":89,"column":25},"skip":true},{"start":{"line":89,"column":29},"end":{"line":89,"column":48},"skip":true},{"start":{"line":89,"column":52},"end":{"line":89,"column":74},"skip":true}]},"12":{"line":92,"type":"if","locations":[{"start":{"line":92,"column":16},"end":{"line":92,"column":16},"skip":true},{"start":{"line":92,"column":16},"end":{"line":92,"column":16},"skip":true}]},"13":{"line":108,"type":"if","locations":[{"start":{"line":108,"column":12},"end":{"line":108,"column":12},"skip":true},{"start":{"line":108,"column":12},"end":{"line":108,"column":12},"skip":true}]},"14":{"line":108,"type":"binary-expr","locations":[{"start":{"line":108,"column":16},"end":{"line":108,"column":61},"skip":true},{"start":{"line":108,"column":66},"end":{"line":108,"column":72},"skip":true},{"start":{"line":108,"column":77},"end":{"line":108,"column":82},"skip":true},{"start":{"line":109,"column":20},"end":{"line":109,"column":39},"skip":true},{"start":{"line":110,"column":20},"end":{"line":110,"column":49},"skip":true},{"start":{"line":111,"column":20},"end":{"line":111,"column":58},"skip":true},{"start":{"line":112,"column":20},"end":{"line":112,"column":68},"skip":true}]},"15":{"line":129,"type":"if","locations":[{"start":{"line":129,"column":16},"end":{"line":129,"column":16},"skip":true},{"start":{"line":129,"column":16},"end":{"line":129,"column":16},"skip":true}]},"16":{"line":134,"type":"cond-expr","locations":[{"start":{"line":135,"column":26},"end":{"line":135,"column":29},"skip":true},{"start":{"line":136,"column":26},"end":{"line":136,"column":54},"skip":true}]},"17":{"line":164,"type":"binary-expr","locations":[{"start":{"line":164,"column":27},"end":{"line":164,"column":43},"skip":true},{"start":{"line":164,"column":47},"end":{"line":164,"column":49},"skip":true}]},"18":{"line":258,"type":"if","locations":[{"start":{"line":258,"column":8},"end":{"line":258,"column":8},"skip":true},{"start":{"line":258,"column":8},"end":{"line":258,"column":8},"skip":true}]},"19":{"line":275,"type":"switch","locations":[{"start":{"line":276,"column":20},"end":{"line":277,"column":64},"skip":true},{"start":{"line":278,"column":20},"end":{"line":279,"column":40},"skip":true},{"start":{"line":280,"column":20},"end":{"line":281,"column":40},"skip":true},{"start":{"line":282,"column":20},"end":{"line":283,"column":39},"skip":true}]},"20":{"line":288,"type":"if","locations":[{"start":{"line":288,"column":8},"end":{"line":288,"column":8},"skip":true},{"start":{"line":288,"column":8},"end":{"line":288,"column":8},"skip":true}]},"21":{"line":288,"type":"binary-expr","locations":[{"start":{"line":288,"column":12},"end":{"line":288,"column":40},"skip":true},{"start":{"line":288,"column":44},"end":{"line":288,"column":67},"skip":true}]},"22":{"line":292,"type":"binary-expr","locations":[{"start":{"line":292,"column":12},"end":{"line":292,"column":50},"skip":true},{"start":{"line":293,"column":12},"end":{"line":293,"column":53},"skip":true}]},"23":{"line":295,"type":"binary-expr","locations":[{"start":{"line":295,"column":12},"end":{"line":295,"column":66},"skip":true},{"start":{"line":296,"column":12},"end":{"line":301,"column":36},"skip":true}]},"24":{"line":302,"type":"binary-expr","locations":[{"start":{"line":302,"column":43},"end":{"line":302,"column":75},"skip":true},{"start":{"line":302,"column":79},"end":{"line":302,"column":81},"skip":true}]},"25":{"line":305,"type":"if","locations":[{"start":{"line":305,"column":8},"end":{"line":305,"column":8},"skip":true},{"start":{"line":305,"column":8},"end":{"line":305,"column":8},"skip":true}]},"26":{"line":309,"type":"if","locations":[{"start":{"line":309,"column":8},"end":{"line":309,"column":8},"skip":true},{"start":{"line":309,"column":8},"end":{"line":309,"column":8},"skip":true}]},"27":{"line":312,"type":"binary-expr","locations":[{"start":{"line":312,"column":27},"end":{"line":312,"column":43},"skip":true},{"start":{"line":312,"column":47},"end":{"line":312,"column":53},"skip":true}]},"28":{"line":316,"type":"if","locations":[{"start":{"line":316,"column":12},"end":{"line":316,"column":12},"skip":true},{"start":{"line":316,"column":12},"end":{"line":316,"column":12},"skip":true}]}},"code":["/*","example.js","","quickstart example","","instruction","    1. save this script as example.js","    2. run the shell command:","        $ npm install npmtest-cucumber && PORT=8081 node example.js","    3. play with the browser-demo on http://127.0.0.1:8081","*/","","","","/* istanbul instrument in package npmtest_cucumber */","/*jslint","    bitwise: true,","    browser: true,","    maxerr: 8,","    maxlen: 96,","    node: true,","    nomen: true,","    regexp: true,","    stupid: true","*/","(function () {","    'use strict';","    var local;","","","","    // run shared js-env code - pre-init","    (function () {","        // init local","        local = {};","        // init modeJs","        local.modeJs = (function () {","            try {","                return typeof navigator.userAgent === 'string' &&","                    typeof document.querySelector('body') === 'object' &&","                    typeof XMLHttpRequest.prototype.open === 'function' &&","                    'browser';","            } catch (errorCaughtBrowser) {","                return module.exports &&","                    typeof process.versions.node === 'string' &&","                    typeof require('http').createServer === 'function' &&","                    'node';","            }","        }());","        // init global","        local.global = local.modeJs === 'browser'","            ? window","            : global;","        // init utility2_rollup","        local = local.global.utility2_rollup || (local.modeJs === 'browser'","            ? local.global.utility2_npmtest_cucumber","            : global.utility2_moduleExports);","        // export local","        local.global.local = local;","    }());","    switch (local.modeJs) {","","","","    // post-init","    // run browser js-env code - post-init","    /* istanbul ignore next */","    case 'browser':","        local.testRunBrowser = function (event) {","            if (!event || (event &&","                    event.currentTarget &&","                    event.currentTarget.className &&","                    event.currentTarget.className.includes &&","                    event.currentTarget.className.includes('onreset'))) {","                // reset output","                Array.from(","                    document.querySelectorAll('body > .resettable')","                ).forEach(function (element) {","                    switch (element.tagName) {","                    case 'INPUT':","                    case 'TEXTAREA':","                        element.value = '';","                        break;","                    default:","                        element.textContent = '';","                    }","                });","            }","            switch (event && event.currentTarget && event.currentTarget.id) {","            case 'testRunButton1':","                // show tests","                if (document.querySelector('#testReportDiv1').style.display === 'none') {","                    document.querySelector('#testReportDiv1').style.display = 'block';","                    document.querySelector('#testRunButton1').textContent =","                        'hide internal test';","                    local.modeTest = true;","                    local.testRunDefault(local);","                // hide tests","                } else {","                    document.querySelector('#testReportDiv1').style.display = 'none';","                    document.querySelector('#testRunButton1').textContent = 'run internal test';","                }","                break;","            // custom-case","            default:","                break;","            }","            if (document.querySelector('#inputTextareaEval1') && (!event || (event &&","                    event.currentTarget &&","                    event.currentTarget.className &&","                    event.currentTarget.className.includes &&","                    event.currentTarget.className.includes('oneval')))) {","                // try to eval input-code","                try {","                    /*jslint evil: true*/","                    eval(document.querySelector('#inputTextareaEval1').value);","                } catch (errorCaught) {","                    console.error(errorCaught.stack);","                }","            }","        };","        // log stderr and stdout to #outputTextareaStdout1","        ['error', 'log'].forEach(function (key) {","            console[key + '_original'] = console[key];","            console[key] = function () {","                var element;","                console[key + '_original'].apply(console, arguments);","                element = document.querySelector('#outputTextareaStdout1');","                if (!element) {","                    return;","                }","                // append text to #outputTextareaStdout1","                element.value += Array.from(arguments).map(function (arg) {","                    return typeof arg === 'string'","                        ? arg","                        : JSON.stringify(arg, null, 4);","                }).join(' ') + '\\n';","                // scroll textarea to bottom","                element.scrollTop = element.scrollHeight;","            };","        });","        // init event-handling","        ['change', 'click', 'keyup'].forEach(function (event) {","            Array.from(document.querySelectorAll('.on' + event)).forEach(function (element) {","                element.addEventListener(event, local.testRunBrowser);","            });","        });","        // run tests","        local.testRunBrowser();","        break;","","","","    // run node js-env code - post-init","    /* istanbul ignore next */","    case 'node':","        // export local","        module.exports = local;","        // require modules","        local.fs = require('fs');","        local.http = require('http');","        local.url = require('url');","        // init assets","        local.assetsDict = local.assetsDict || {};","        /* jslint-ignore-begin */","        local.assetsDict['/assets.index.template.html'] = '\\","<!doctype html>\\n\\","<html lang=\"en\">\\n\\","<head>\\n\\","<meta charset=\"UTF-8\">\\n\\","<meta name=\"viewport\" content=\"width=device-width, initial-scale=1\">\\n\\","<title>{{env.npm_package_name}} (v{{env.npm_package_version}})</title>\\n\\","<style>\\n\\","/*csslint\\n\\","    box-sizing: false,\\n\\","    universal-selector: false\\n\\","*/\\n\\","* {\\n\\","    box-sizing: border-box;\\n\\","}\\n\\","body {\\n\\","    background: #dde;\\n\\","    font-family: Arial, Helvetica, sans-serif;\\n\\","    margin: 2rem;\\n\\","}\\n\\","body > * {\\n\\","    margin-bottom: 1rem;\\n\\","}\\n\\",".utility2FooterDiv {\\n\\","    margin-top: 20px;\\n\\","    text-align: center;\\n\\","}\\n\\","</style>\\n\\","<style>\\n\\","/*csslint\\n\\","*/\\n\\","textarea {\\n\\","    font-family: monospace;\\n\\","    height: 10rem;\\n\\","    width: 100%;\\n\\","}\\n\\","textarea[readonly] {\\n\\","    background: #ddd;\\n\\","}\\n\\","</style>\\n\\","</head>\\n\\","<body>\\n\\","<!-- utility2-comment\\n\\","<div id=\"ajaxProgressDiv1\" style=\"background: #d00; height: 2px; left: 0; margin: 0; padding: 0; position: fixed; top: 0; transition: background 0.5s, width 1.5s; width: 25%;\"></div>\\n\\","utility2-comment -->\\n\\","<h1>\\n\\","<!-- utility2-comment\\n\\","    <a\\n\\","        {{#if env.npm_package_homepage}}\\n\\","        href=\"{{env.npm_package_homepage}}\"\\n\\","        {{/if env.npm_package_homepage}}\\n\\","        target=\"_blank\"\\n\\","    >\\n\\","utility2-comment -->\\n\\","        {{env.npm_package_name}} (v{{env.npm_package_version}})\\n\\","<!-- utility2-comment\\n\\","    </a>\\n\\","utility2-comment -->\\n\\","</h1>\\n\\","<h3>{{env.npm_package_description}}</h3>\\n\\","<!-- utility2-comment\\n\\","<h4><a download href=\"assets.app.js\">download standalone app</a></h4>\\n\\","<button class=\"onclick onreset\" id=\"testRunButton1\">run internal test</button><br>\\n\\","<div id=\"testReportDiv1\" style=\"display: none;\"></div>\\n\\","utility2-comment -->\\n\\","\\n\\","\\n\\","\\n\\","<label>stderr and stdout</label>\\n\\","<textarea class=\"resettable\" id=\"outputTextareaStdout1\" readonly></textarea>\\n\\","<!-- utility2-comment\\n\\","{{#if isRollup}}\\n\\","<script src=\"assets.app.js\"></script>\\n\\","{{#unless isRollup}}\\n\\","utility2-comment -->\\n\\","<script src=\"assets.utility2.rollup.js\"></script>\\n\\","<script src=\"jsonp.utility2._stateInit?callback=window.utility2._stateInit\"></script>\\n\\","<script src=\"assets.npmtest_cucumber.rollup.js\"></script>\\n\\","<script src=\"assets.example.js\"></script>\\n\\","<script src=\"assets.test.js\"></script>\\n\\","<!-- utility2-comment\\n\\","{{/if isRollup}}\\n\\","utility2-comment -->\\n\\","<div class=\"utility2FooterDiv\">\\n\\","    [ this app was created with\\n\\","    <a href=\"https://github.com/kaizhu256/node-utility2\" target=\"_blank\">utility2</a>\\n\\","    ]\\n\\","</div>\\n\\","</body>\\n\\","</html>\\n\\","';","        /* jslint-ignore-end */","        if (local.templateRender) {","            local.assetsDict['/'] = local.templateRender(","                local.assetsDict['/assets.index.template.html'],","                {","                    env: local.objectSetDefault(local.env, {","                        npm_package_description: 'the greatest app in the world!',","                        npm_package_name: 'my-app',","                        npm_package_nameAlias: 'my_app',","                        npm_package_version: '0.0.1'","                    })","                }","            );","        } else {","            local.assetsDict['/'] = local.assetsDict['/assets.index.template.html']","                .replace((/\\{\\{env\\.(\\w+?)\\}\\}/g), function (match0, match1) {","                    // jslint-hack","                    String(match0);","                    switch (match1) {","                    case 'npm_package_description':","                        return 'the greatest app in the world!';","                    case 'npm_package_name':","                        return 'my-app';","                    case 'npm_package_nameAlias':","                        return 'my_app';","                    case 'npm_package_version':","                        return '0.0.1';","                    }","                });","        }","        // run the cli","        if (local.global.utility2_rollup || module !== require.main) {","            break;","        }","        local.assetsDict['/assets.example.js'] =","            local.assetsDict['/assets.example.js'] ||","            local.fs.readFileSync(__filename, 'utf8');","        local.assetsDict['/assets.npmtest_cucumber.rollup.js'] =","            local.assetsDict['/assets.npmtest_cucumber.rollup.js'] ||","            local.fs.readFileSync(","                // buildCustomOrg-hack","                local.npmtest_cucumber.__dirname +","                    '/lib.npmtest_cucumber.js',","                'utf8'","            ).replace((/^#!/), '//');","        local.assetsDict['/favicon.ico'] = local.assetsDict['/favicon.ico'] || '';","        // if $npm_config_timeout_exit exists,","        // then exit this process after $npm_config_timeout_exit ms","        if (Number(process.env.npm_config_timeout_exit)) {","            setTimeout(process.exit, Number(process.env.npm_config_timeout_exit));","        }","        // start server","        if (local.global.utility2_serverHttp1) {","            break;","        }","        process.env.PORT = process.env.PORT || '8081';","        console.error('server starting on port ' + process.env.PORT);","        local.http.createServer(function (request, response) {","            request.urlParsed = local.url.parse(request.url);","            if (local.assetsDict[request.urlParsed.pathname] !== undefined) {","                response.end(local.assetsDict[request.urlParsed.pathname]);","                return;","            }","            response.statusCode = 404;","            response.end();","        }).listen(process.env.PORT);","        break;","    }","}());",""],"l":{"26":2,"28":2,"33":2,"35":2,"37":2,"38":2,"39":2,"44":1,"51":2,"55":2,"59":2,"61":2,"69":1,"70":2,"76":2,"79":2,"82":2,"83":2,"85":1,"89":2,"92":1,"93":1,"94":1,"96":1,"97":1,"100":1,"101":1,"103":1,"106":1,"108":2,"114":1,"116":1,"118":1,"123":1,"124":2,"125":2,"126":2,"127":2,"128":2,"129":2,"130":1,"133":2,"134":2,"139":2,"143":1,"144":3,"145":1,"149":1,"150":1,"158":1,"160":1,"161":1,"162":1,"164":1,"166":1,"258":1,"259":1,"271":1,"274":6,"275":6,"277":1,"279":2,"281":1,"283":2,"288":1,"289":1,"291":1,"294":1,"302":1,"305":1,"306":1,"309":1,"310":1,"312":1,"313":1,"314":1,"315":1,"316":1,"317":1,"318":1,"320":1,"321":1,"323":1}},"/home/travis/build/npmtest/node-npmtest-cucumber/cucumber/lib/cucumber.js":{"path":"/home/travis/build/npmtest/node-npmtest-cucumber/cucumber/lib/cucumber.js","s":{"1":1,"2":0,"3":0,"4":0,"5":1,"6":1,"7":1,"8":1,"9":1,"10":1,"11":1,"12":1,"13":1,"14":1,"15":1,"16":1,"17":1,"18":1,"19":1,"20":1},"b":{},"f":{"1":0},"fnMap":{"1":{"name":"Cucumber","line":1,"loc":{"start":{"line":1,"column":0},"end":{"line":1,"column":66}}}},"statementMap":{"1":{"start":{"line":1,"column":0},"end":{"line":5,"column":1}},"2":{"start":{"line":2,"column":2},"end":{"line":2,"column":101}},"3":{"start":{"line":3,"column":2},"end":{"line":3,"column":54}},"4":{"start":{"line":4,"column":2},"end":{"line":4,"column":17}},"5":{"start":{"line":7,"column":0},"end":{"line":7,"column":59}},"6":{"start":{"line":8,"column":0},"end":{"line":8,"column":59}},"7":{"start":{"line":9,"column":0},"end":{"line":9,"column":59}},"8":{"start":{"line":10,"column":0},"end":{"line":10,"column":61}},"9":{"start":{"line":11,"column":0},"end":{"line":11,"column":62}},"10":{"start":{"line":12,"column":0},"end":{"line":12,"column":64}},"11":{"start":{"line":13,"column":0},"end":{"line":13,"column":62}},"12":{"start":{"line":14,"column":0},"end":{"line":14,"column":63}},"13":{"start":{"line":15,"column":0},"end":{"line":15,"column":62}},"14":{"start":{"line":16,"column":0},"end":{"line":16,"column":68}},"15":{"start":{"line":17,"column":0},"end":{"line":17,"column":72}},"16":{"start":{"line":18,"column":0},"end":{"line":18,"column":60}},"17":{"start":{"line":19,"column":0},"end":{"line":19,"column":60}},"18":{"start":{"line":20,"column":0},"end":{"line":20,"column":78}},"19":{"start":{"line":22,"column":0},"end":{"line":22,"column":68}},"20":{"start":{"line":24,"column":0},"end":{"line":24,"column":42}}},"branchMap":{},"code":["function Cucumber(featureSource, supportCodeInitializer, options) {","  var configuration = Cucumber.VolatileConfiguration(featureSource, supportCodeInitializer, options);","  var runtime       = Cucumber.Runtime(configuration);","  return runtime;","}","","Cucumber.Api                   = require('./cucumber/api');","Cucumber.Ast                   = require('./cucumber/ast');","Cucumber.Cli                   = require('./cucumber/cli');","Cucumber.Debug                 = require('./cucumber/debug'); // Untested namespace","Cucumber.Events                = require('./cucumber/events');","Cucumber.Listener              = require('./cucumber/listener');","Cucumber.Parser                = require('./cucumber/parser');","Cucumber.Runtime               = require('./cucumber/runtime');","Cucumber.Status                = require('./cucumber/status');","Cucumber.SupportCode           = require('./cucumber/support_code');","Cucumber.TagGroupParser        = require('./cucumber/tag_group_parser');","Cucumber.Type                  = require('./cucumber/type');","Cucumber.Util                  = require('./cucumber/util');","Cucumber.VolatileConfiguration = require('./cucumber/volatile_configuration');","","Cucumber.VERSION               = require('../package.json').version;","","module.exports                 = Cucumber;",""],"l":{"1":1,"2":0,"3":0,"4":0,"7":1,"8":1,"9":1,"10":1,"11":1,"12":1,"13":1,"14":1,"15":1,"16":1,"17":1,"18":1,"19":1,"20":1,"22":1,"24":1}},"/home/travis/build/npmtest/node-npmtest-cucumber/cucumber/lib/cucumber/api.js":{"path":"/home/travis/build/npmtest/node-npmtest-cucumber/cucumber/lib/cucumber/api.js","s":{"1":1,"2":1,"3":1},"b":{},"f":{},"fnMap":{},"statementMap":{"1":{"start":{"line":1,"column":0},"end":{"line":1,"column":20}},"2":{"start":{"line":2,"column":0},"end":{"line":2,"column":43}},"3":{"start":{"line":3,"column":0},"end":{"line":3,"column":21}}},"branchMap":{},"code":["var Api        = {};","Api.Scenario   = require('./api/scenario');","module.exports = Api;",""],"l":{"1":1,"2":1,"3":1}},"/home/travis/build/npmtest/node-npmtest-cucumber/cucumber/lib/cucumber/api/scenario.js":{"path":"/home/travis/build/npmtest/node-npmtest-cucumber/cucumber/lib/cucumber/api/scenario.js","s":{"1":1,"2":0,"3":0,"4":1,"5":0,"6":1,"7":0,"8":0,"9":1,"10":0,"11":0,"12":0,"13":0,"14":0,"15":0,"16":0,"17":0,"18":0,"19":0,"20":0,"21":0,"22":0,"23":0,"24":0,"25":0,"26":0,"27":0,"28":0,"29":0,"30":0,"31":0,"32":0,"33":0,"34":0,"35":0,"36":0,"37":0,"38":0,"39":0,"40":0,"41":0,"42":0,"43":0,"44":0,"45":0,"46":0,"47":0,"48":0,"49":0,"50":0,"51":1,"52":1,"53":1,"54":1,"55":1},"b":{"1":[0,0,0],"2":[0,0],"3":[0,0],"4":[0,0],"5":[0,0],"6":[0,0],"7":[0,0],"8":[0,0],"9":[0,0],"10":[0,0],"11":[0,0]},"f":{"1":0,"2":0,"3":0,"4":0,"5":0,"6":0,"7":0,"8":0,"9":0,"10":0,"11":0,"12":0,"13":0,"14":0,"15":0,"16":0,"17":0,"18":0,"19":0,"20":0,"21":0},"fnMap":{"1":{"name":"Scenario","line":1,"loc":{"start":{"line":1,"column":0},"end":{"line":1,"column":47}}},"2":{"name":"isStream","line":6,"loc":{"start":{"line":6,"column":2},"end":{"line":6,"column":27}}},"3":{"name":"attachData","line":10,"loc":{"start":{"line":10,"column":2},"end":{"line":10,"column":38}}},"4":{"name":"attachStream","line":15,"loc":{"start":{"line":15,"column":2},"end":{"line":15,"column":52}}},"5":{"name":"(anonymous_5)","line":18,"loc":{"start":{"line":18,"column":22},"end":{"line":18,"column":39}}},"6":{"name":"(anonymous_6)","line":21,"loc":{"start":{"line":21,"column":21},"end":{"line":21,"column":33}}},"7":{"name":"getKeyword","line":28,"loc":{"start":{"line":28,"column":20},"end":{"line":28,"column":46}}},"8":{"name":"getName","line":29,"loc":{"start":{"line":29,"column":20},"end":{"line":29,"column":46}}},"9":{"name":"getDescription","line":30,"loc":{"start":{"line":30,"column":20},"end":{"line":30,"column":46}}},"10":{"name":"getUri","line":31,"loc":{"start":{"line":31,"column":20},"end":{"line":31,"column":46}}},"11":{"name":"getLine","line":32,"loc":{"start":{"line":32,"column":20},"end":{"line":32,"column":46}}},"12":{"name":"getTags","line":33,"loc":{"start":{"line":33,"column":20},"end":{"line":33,"column":46}}},"13":{"name":"isSuccessful","line":34,"loc":{"start":{"line":34,"column":20},"end":{"line":34,"column":46}}},"14":{"name":"isFailed","line":35,"loc":{"start":{"line":35,"column":20},"end":{"line":35,"column":46}}},"15":{"name":"isPending","line":36,"loc":{"start":{"line":36,"column":20},"end":{"line":36,"column":46}}},"16":{"name":"isUndefined","line":37,"loc":{"start":{"line":37,"column":20},"end":{"line":37,"column":46}}},"17":{"name":"isSkipped","line":38,"loc":{"start":{"line":38,"column":20},"end":{"line":38,"column":46}}},"18":{"name":"getException","line":39,"loc":{"start":{"line":39,"column":20},"end":{"line":39,"column":46}}},"19":{"name":"getAttachments","line":40,"loc":{"start":{"line":40,"column":20},"end":{"line":40,"column":46}}},"20":{"name":"clearAttachments","line":41,"loc":{"start":{"line":41,"column":22},"end":{"line":41,"column":50}}},"21":{"name":"attach","line":43,"loc":{"start":{"line":43,"column":12},"end":{"line":43,"column":54}}}},"statementMap":{"1":{"start":{"line":1,"column":0},"end":{"line":72,"column":1}},"2":{"start":{"line":2,"column":2},"end":{"line":2,"column":43}},"3":{"start":{"line":4,"column":2},"end":{"line":4,"column":23}},"4":{"start":{"line":6,"column":2},"end":{"line":8,"column":3}},"5":{"start":{"line":7,"column":4},"end":{"line":7,"column":82}},"6":{"start":{"line":10,"column":2},"end":{"line":13,"column":3}},"7":{"start":{"line":11,"column":4},"end":{"line":11,"column":83}},"8":{"start":{"line":12,"column":4},"end":{"line":12,"column":33}},"9":{"start":{"line":15,"column":2},"end":{"line":25,"column":3}},"10":{"start":{"line":16,"column":4},"end":{"line":16,"column":21}},"11":{"start":{"line":18,"column":4},"end":{"line":20,"column":7}},"12":{"start":{"line":19,"column":6},"end":{"line":19,"column":26}},"13":{"start":{"line":21,"column":4},"end":{"line":24,"column":7}},"14":{"start":{"line":22,"column":6},"end":{"line":22,"column":51}},"15":{"start":{"line":23,"column":6},"end":{"line":23,"column":17}},"16":{"start":{"line":27,"column":2},"end":{"line":69,"column":4}},"17":{"start":{"line":28,"column":48},"end":{"line":28,"column":80}},"18":{"start":{"line":29,"column":48},"end":{"line":29,"column":77}},"19":{"start":{"line":30,"column":48},"end":{"line":30,"column":84}},"20":{"start":{"line":31,"column":48},"end":{"line":31,"column":76}},"21":{"start":{"line":32,"column":48},"end":{"line":32,"column":77}},"22":{"start":{"line":33,"column":48},"end":{"line":33,"column":77}},"23":{"start":{"line":34,"column":48},"end":{"line":34,"column":109}},"24":{"start":{"line":35,"column":48},"end":{"line":35,"column":109}},"25":{"start":{"line":36,"column":48},"end":{"line":36,"column":110}},"26":{"start":{"line":37,"column":48},"end":{"line":37,"column":112}},"27":{"start":{"line":38,"column":48},"end":{"line":38,"column":110}},"28":{"start":{"line":39,"column":48},"end":{"line":39,"column":92}},"29":{"start":{"line":40,"column":48},"end":{"line":40,"column":67}},"30":{"start":{"line":41,"column":52},"end":{"line":41,"column":69}},"31":{"start":{"line":44,"column":6},"end":{"line":67,"column":7}},"32":{"start":{"line":45,"column":8},"end":{"line":46,"column":66}},"33":{"start":{"line":46,"column":10},"end":{"line":46,"column":66}},"34":{"start":{"line":47,"column":8},"end":{"line":48,"column":85}},"35":{"start":{"line":48,"column":10},"end":{"line":48,"column":85}},"36":{"start":{"line":50,"column":8},"end":{"line":50,"column":47}},"37":{"start":{"line":52,"column":11},"end":{"line":67,"column":7}},"38":{"start":{"line":53,"column":8},"end":{"line":54,"column":66}},"39":{"start":{"line":54,"column":10},"end":{"line":54,"column":66}},"40":{"start":{"line":56,"column":8},"end":{"line":56,"column":35}},"41":{"start":{"line":57,"column":8},"end":{"line":57,"column":33}},"42":{"start":{"line":57,"column":22},"end":{"line":57,"column":33}},"43":{"start":{"line":59,"column":11},"end":{"line":67,"column":7}},"44":{"start":{"line":60,"column":8},"end":{"line":61,"column":53}},"45":{"start":{"line":61,"column":10},"end":{"line":61,"column":53}},"46":{"start":{"line":63,"column":8},"end":{"line":63,"column":35}},"47":{"start":{"line":64,"column":8},"end":{"line":64,"column":33}},"48":{"start":{"line":64,"column":22},"end":{"line":64,"column":33}},"49":{"start":{"line":66,"column":8},"end":{"line":66,"column":55}},"50":{"start":{"line":71,"column":2},"end":{"line":71,"column":14}},"51":{"start":{"line":74,"column":0},"end":{"line":74,"column":47}},"52":{"start":{"line":75,"column":0},"end":{"line":75,"column":97}},"53":{"start":{"line":76,"column":0},"end":{"line":76,"column":147}},"54":{"start":{"line":77,"column":0},"end":{"line":77,"column":117}},"55":{"start":{"line":79,"column":0},"end":{"line":79,"column":26}}},"branchMap":{"1":{"line":7,"type":"binary-expr","locations":[{"start":{"line":7,"column":11},"end":{"line":7,"column":16}},{"start":{"line":7,"column":20},"end":{"line":7,"column":45}},{"start":{"line":7,"column":49},"end":{"line":7,"column":81}}]},"2":{"line":44,"type":"if","locations":[{"start":{"line":44,"column":6},"end":{"line":44,"column":6}},{"start":{"line":44,"column":6},"end":{"line":44,"column":6}}]},"3":{"line":45,"type":"if","locations":[{"start":{"line":45,"column":8},"end":{"line":45,"column":8}},{"start":{"line":45,"column":8},"end":{"line":45,"column":8}}]},"4":{"line":47,"type":"if","locations":[{"start":{"line":47,"column":8},"end":{"line":47,"column":8}},{"start":{"line":47,"column":8},"end":{"line":47,"column":8}}]},"5":{"line":52,"type":"if","locations":[{"start":{"line":52,"column":11},"end":{"line":52,"column":11}},{"start":{"line":52,"column":11},"end":{"line":52,"column":11}}]},"6":{"line":52,"type":"binary-expr","locations":[{"start":{"line":52,"column":15},"end":{"line":52,"column":21}},{"start":{"line":52,"column":25},"end":{"line":52,"column":46}}]},"7":{"line":53,"type":"if","locations":[{"start":{"line":53,"column":8},"end":{"line":53,"column":8}},{"start":{"line":53,"column":8},"end":{"line":53,"column":8}}]},"8":{"line":57,"type":"if","locations":[{"start":{"line":57,"column":8},"end":{"line":57,"column":8}},{"start":{"line":57,"column":8},"end":{"line":57,"column":8}}]},"9":{"line":59,"type":"if","locations":[{"start":{"line":59,"column":11},"end":{"line":59,"column":11}},{"start":{"line":59,"column":11},"end":{"line":59,"column":11}}]},"10":{"line":60,"type":"if","locations":[{"start":{"line":60,"column":8},"end":{"line":60,"column":8}},{"start":{"line":60,"column":8},"end":{"line":60,"column":8}}]},"11":{"line":64,"type":"if","locations":[{"start":{"line":64,"column":8},"end":{"line":64,"column":8}},{"start":{"line":64,"column":8},"end":{"line":64,"column":8}}]}},"code":["function Scenario(astScenario, scenarioResult) {","  var Cucumber = require('../../cucumber');","","  var attachments = [];","","  function isStream(value) {","    return value && typeof value === 'object' && typeof value.pipe === 'function';","  }","","  function attachData(data, mimeType) {","    var attachment = Cucumber.Runtime.Attachment({mimeType: mimeType, data: data});","    attachments.push(attachment);","  }","","  function attachStream(stream, mimeType, callback) {","    var buffers = [];","","    stream.on('data', function (chunk) {","      buffers.push(chunk);","    });","    stream.on('end', function () {","      attachData(Buffer.concat(buffers), mimeType);","      callback();","    });","  }","","  var self = {","    getKeyword:     function getKeyword()     { return astScenario.getKeyword(); },","    getName:        function getName()        { return astScenario.getName(); },","    getDescription: function getDescription() { return astScenario.getDescription(); },","    getUri:         function getUri()         { return astScenario.getUri(); },","    getLine:        function getLine()        { return astScenario.getLine(); },","    getTags:        function getTags()        { return astScenario.getTags(); },","    isSuccessful:   function isSuccessful()   { return scenarioResult.getStatus() === Cucumber.Status.PASSED; },","    isFailed:       function isFailed()       { return scenarioResult.getStatus() === Cucumber.Status.FAILED; },","    isPending:      function isPending()      { return scenarioResult.getStatus() === Cucumber.Status.PENDING; },","    isUndefined:    function isUndefined()    { return scenarioResult.getStatus() === Cucumber.Status.UNDEFINED; },","    isSkipped:      function isSkipped()      { return scenarioResult.getStatus() === Cucumber.Status.SKIPPED; },","    getException:   function getException()   { return scenarioResult.getFailureException(); },","    getAttachments: function getAttachments() { return attachments; },","    clearAttachments: function clearAttachments() { attachments = []; },","","    attach: function attach(data, mimeType, callback) {","      if (isStream(data)) {","        if (!mimeType)","          throw Error(Scenario.ATTACH_MISSING_MIME_TYPE_ARGUMENT);","        if (!callback)","          throw Error(Scenario.ATTACH_MISSING_CALLBACK_ARGUMENT_FOR_STREAM_READABLE);","","        attachStream(data, mimeType, callback);","      }","      else if (Buffer && Buffer.isBuffer(data)) {","        if (!mimeType)","          throw Error(Scenario.ATTACH_MISSING_MIME_TYPE_ARGUMENT);","","        attachData(data, mimeType);","        if (callback) callback();","      }","      else if (typeof(data) === 'string') {","        if (!mimeType)","          mimeType = Scenario.DEFAULT_TEXT_MIME_TYPE;","","        attachData(data, mimeType);","        if (callback) callback();","      } else {","        throw Error(Scenario.ATTACH_INVALID_DATA_TYPE);","      }","    }","  };","","  return self;","}","","Scenario.DEFAULT_TEXT_MIME_TYPE = 'text/plain';","Scenario.ATTACH_MISSING_MIME_TYPE_ARGUMENT = 'Cucumber.Api.Scenario.attach() expects a mimeType';","Scenario.ATTACH_MISSING_CALLBACK_ARGUMENT_FOR_STREAM_READABLE = 'Cucumber.Api.Scenario.attach() expects a callback when data is a stream.Readable';","Scenario.ATTACH_INVALID_DATA_TYPE = 'Cucumber.Api.Scenario.attach() expects data to be a stream, buffer, or string.';","","module.exports = Scenario;",""],"l":{"1":1,"2":0,"4":0,"6":1,"7":0,"10":1,"11":0,"12":0,"15":1,"16":0,"18":0,"19":0,"21":0,"22":0,"23":0,"27":0,"28":0,"29":0,"30":0,"31":0,"32":0,"33":0,"34":0,"35":0,"36":0,"37":0,"38":0,"39":0,"40":0,"41":0,"44":0,"45":0,"46":0,"47":0,"48":0,"50":0,"52":0,"53":0,"54":0,"56":0,"57":0,"59":0,"60":0,"61":0,"63":0,"64":0,"66":0,"71":0,"74":1,"75":1,"76":1,"77":1,"79":1}},"/home/travis/build/npmtest/node-npmtest-cucumber/cucumber/lib/cucumber/ast.js":{"path":"/home/travis/build/npmtest/node-npmtest-cucumber/cucumber/lib/cucumber/ast.js","s":{"1":1,"2":1,"3":1,"4":1,"5":1,"6":1,"7":1,"8":1,"9":1,"10":1},"b":{},"f":{},"fnMap":{},"statementMap":{"1":{"start":{"line":1,"column":0},"end":{"line":1,"column":25}},"2":{"start":{"line":2,"column":0},"end":{"line":2,"column":50}},"3":{"start":{"line":3,"column":0},"end":{"line":3,"column":50}},"4":{"start":{"line":4,"column":0},"end":{"line":4,"column":47}},"5":{"start":{"line":5,"column":0},"end":{"line":5,"column":46}},"6":{"start":{"line":6,"column":0},"end":{"line":6,"column":48}},"7":{"start":{"line":7,"column":0},"end":{"line":7,"column":44}},"8":{"start":{"line":8,"column":0},"end":{"line":8,"column":49}},"9":{"start":{"line":9,"column":0},"end":{"line":9,"column":43}},"10":{"start":{"line":10,"column":0},"end":{"line":10,"column":26}}},"branchMap":{},"code":["var Ast             = {};","Ast.DataTable       = require('./ast/data_table');","Ast.DocString       = require('./ast/doc_string');","Ast.Feature         = require('./ast/feature');","Ast.Filter          = require('./ast/filter');","Ast.Scenario        = require('./ast/scenario');","Ast.Step            = require('./ast/step');","Ast.HookStep        = require('./ast/hook_step');","Ast.Tag             = require('./ast/tag');","module.exports      = Ast;",""],"l":{"1":1,"2":1,"3":1,"4":1,"5":1,"6":1,"7":1,"8":1,"9":1,"10":1}},"/home/travis/build/npmtest/node-npmtest-cucumber/cucumber/lib/cucumber/ast/data_table.js":{"path":"/home/travis/build/npmtest/node-npmtest-cucumber/cucumber/lib/cucumber/ast/data_table.js","s":{"1":1,"2":0,"3":0,"4":0,"5":0,"6":0,"7":0,"8":0,"9":0,"10":0,"11":0,"12":0,"13":0,"14":0,"15":0,"16":0,"17":0,"18":0,"19":0,"20":0,"21":0,"22":0,"23":0,"24":1},"b":{"1":[0,0]},"f":{"1":0,"2":0,"3":0,"4":0,"5":0,"6":0,"7":0,"8":0,"9":0},"fnMap":{"1":{"name":"DataTable","line":1,"loc":{"start":{"line":1,"column":0},"end":{"line":1,"column":25}}},"2":{"name":"(anonymous_2)","line":5,"loc":{"start":{"line":5,"column":31},"end":{"line":5,"column":46}}},"3":{"name":"(anonymous_3)","line":6,"loc":{"start":{"line":6,"column":25},"end":{"line":6,"column":41}}},"4":{"name":"getType","line":12,"loc":{"start":{"line":12,"column":13},"end":{"line":12,"column":32}}},"5":{"name":"rows","line":16,"loc":{"start":{"line":16,"column":10},"end":{"line":16,"column":26}}},"6":{"name":"rowsHash","line":22,"loc":{"start":{"line":22,"column":14},"end":{"line":22,"column":34}}},"7":{"name":"(anonymous_7)","line":24,"loc":{"start":{"line":24,"column":45},"end":{"line":24,"column":60}}},"8":{"name":"raw","line":35,"loc":{"start":{"line":35,"column":9},"end":{"line":35,"column":24}}},"9":{"name":"hashes","line":39,"loc":{"start":{"line":39,"column":12},"end":{"line":39,"column":30}}}},"statementMap":{"1":{"start":{"line":1,"column":0},"end":{"line":47,"column":1}},"2":{"start":{"line":2,"column":2},"end":{"line":2,"column":43}},"3":{"start":{"line":3,"column":2},"end":{"line":3,"column":28}},"4":{"start":{"line":5,"column":2},"end":{"line":9,"column":5}},"5":{"start":{"line":6,"column":4},"end":{"line":8,"column":7}},"6":{"start":{"line":7,"column":6},"end":{"line":7,"column":24}},"7":{"start":{"line":11,"column":2},"end":{"line":45,"column":4}},"8":{"start":{"line":13,"column":6},"end":{"line":13,"column":25}},"9":{"start":{"line":17,"column":6},"end":{"line":17,"column":28}},"10":{"start":{"line":18,"column":6},"end":{"line":18,"column":19}},"11":{"start":{"line":19,"column":6},"end":{"line":19,"column":18}},"12":{"start":{"line":23,"column":6},"end":{"line":23,"column":28}},"13":{"start":{"line":24,"column":6},"end":{"line":26,"column":9}},"14":{"start":{"line":25,"column":8},"end":{"line":25,"column":32}},"15":{"start":{"line":28,"column":6},"end":{"line":30,"column":7}},"16":{"start":{"line":29,"column":8},"end":{"line":29,"column":90}},"17":{"start":{"line":32,"column":6},"end":{"line":32,"column":31}},"18":{"start":{"line":36,"column":6},"end":{"line":36,"column":31}},"19":{"start":{"line":40,"column":6},"end":{"line":40,"column":40}},"20":{"start":{"line":41,"column":6},"end":{"line":41,"column":62}},"21":{"start":{"line":42,"column":6},"end":{"line":42,"column":49}},"22":{"start":{"line":43,"column":6},"end":{"line":43,"column":30}},"23":{"start":{"line":46,"column":2},"end":{"line":46,"column":14}},"24":{"start":{"line":49,"column":0},"end":{"line":49,"column":27}}},"branchMap":{"1":{"line":28,"type":"if","locations":[{"start":{"line":28,"column":6},"end":{"line":28,"column":6}},{"start":{"line":28,"column":6},"end":{"line":28,"column":6}}]}},"code":["function DataTable(data) {","  var Cucumber = require('../../cucumber');","  var _ = require('lodash');","","  var rawTable = data.rows.map(function (row) {","    return row.cells.map(function (cell) {","      return cell.value;","    });","  });","","  var self = {","    getType: function getType() {","      return 'DataTable';","    },","","    rows: function rows() {","      var copy = self.raw();","      copy.shift();","      return copy;","    },","","    rowsHash: function rowsHash() {","      var rows = self.raw();","      var everyRowHasTwoColumns = rows.every(function (row) {","        return row.length === 2;","      });","","      if (!everyRowHasTwoColumns) {","        throw new Error('rowsHash was called on a data table with more than two columns');","      }","","      return _.fromPairs(rows);","    },","","    raw: function raw() {","      return rawTable.slice(0);","    },","","    hashes: function hashes() {","      var raw              = self.raw();","      var hashDataTable    = Cucumber.Type.HashDataTable(raw);","      var rawHashDataTable = hashDataTable.raw();","      return rawHashDataTable;","    }","  };","  return self;","}","","module.exports = DataTable;",""],"l":{"1":1,"2":0,"3":0,"5":0,"6":0,"7":0,"11":0,"13":0,"17":0,"18":0,"19":0,"23":0,"24":0,"25":0,"28":0,"29":0,"32":0,"36":0,"40":0,"41":0,"42":0,"43":0,"46":0,"49":1}},"/home/travis/build/npmtest/node-npmtest-cucumber/cucumber/lib/cucumber/ast/doc_string.js":{"path":"/home/travis/build/npmtest/node-npmtest-cucumber/cucumber/lib/cucumber/ast/doc_string.js","s":{"1":1,"2":0,"3":0,"4":0,"5":0,"6":0,"7":0,"8":1},"b":{},"f":{"1":0,"2":0,"3":0,"4":0,"5":0},"fnMap":{"1":{"name":"DocString","line":1,"loc":{"start":{"line":1,"column":0},"end":{"line":1,"column":25}}},"2":{"name":"getType","line":3,"loc":{"start":{"line":3,"column":13},"end":{"line":3,"column":32}}},"3":{"name":"getContent","line":7,"loc":{"start":{"line":7,"column":16},"end":{"line":7,"column":38}}},"4":{"name":"getContentType","line":11,"loc":{"start":{"line":11,"column":20},"end":{"line":11,"column":46}}},"5":{"name":"getLine","line":15,"loc":{"start":{"line":15,"column":13},"end":{"line":15,"column":32}}}},"statementMap":{"1":{"start":{"line":1,"column":0},"end":{"line":20,"column":1}},"2":{"start":{"line":2,"column":2},"end":{"line":18,"column":4}},"3":{"start":{"line":4,"column":6},"end":{"line":4,"column":25}},"4":{"start":{"line":8,"column":6},"end":{"line":8,"column":26}},"5":{"start":{"line":12,"column":6},"end":{"line":12,"column":30}},"6":{"start":{"line":16,"column":6},"end":{"line":16,"column":32}},"7":{"start":{"line":19,"column":2},"end":{"line":19,"column":14}},"8":{"start":{"line":22,"column":0},"end":{"line":22,"column":27}}},"branchMap":{},"code":["function DocString(data) {","  var self = {","    getType: function getType() {","      return 'DocString';","    },","","    getContent: function getContent() {","      return data.content;","    },","","    getContentType: function getContentType() {","      return data.contentType;","    },","","    getLine: function getLine() {","      return data.location.line;","    }","  };","  return self;","}","","module.exports = DocString;",""],"l":{"1":1,"2":0,"4":0,"8":0,"12":0,"16":0,"19":0,"22":1}},"/home/travis/build/npmtest/node-npmtest-cucumber/cucumber/lib/cucumber/ast/feature.js":{"path":"/home/travis/build/npmtest/node-npmtest-cucumber/cucumber/lib/cucumber/ast/feature.js","s":{"1":1,"2":0,"3":0,"4":0,"5":0,"6":0,"7":0,"8":0,"9":0,"10":0,"11":0,"12":0,"13":0,"14":0,"15":0,"16":0,"17":0,"18":0,"19":0,"20":0,"21":0,"22":0,"23":0,"24":0,"25":0,"26":0,"27":0,"28":0,"29":0,"30":0,"31":1},"b":{"1":[0,0],"2":[0,0],"3":[0,0]},"f":{"1":0,"2":0,"3":0,"4":0,"5":0,"6":0,"7":0,"8":0,"9":0,"10":0,"11":0,"12":0,"13":0,"14":0,"15":0,"16":0},"fnMap":{"1":{"name":"Feature","line":1,"loc":{"start":{"line":1,"column":0},"end":{"line":1,"column":39}}},"2":{"name":"(anonymous_2)","line":8,"loc":{"start":{"line":8,"column":25},"end":{"line":8,"column":44}}},"3":{"name":"getStepKeywordByLines","line":14,"loc":{"start":{"line":14,"column":27},"end":{"line":14,"column":65}}},"4":{"name":"(anonymous_4)","line":16,"loc":{"start":{"line":16,"column":31},"end":{"line":16,"column":46}}},"5":{"name":"getScenarioDescriptionByLines","line":24,"loc":{"start":{"line":24,"column":35},"end":{"line":24,"column":81}}},"6":{"name":"(anonymous_6)","line":25,"loc":{"start":{"line":25,"column":42},"end":{"line":25,"column":57}}},"7":{"name":"(anonymous_7)","line":33,"loc":{"start":{"line":33,"column":24},"end":{"line":33,"column":35}}},"8":{"name":"getKeyword","line":37,"loc":{"start":{"line":37,"column":16},"end":{"line":37,"column":38}}},"9":{"name":"getKeyword","line":41,"loc":{"start":{"line":41,"column":17},"end":{"line":41,"column":39}}},"10":{"name":"getName","line":45,"loc":{"start":{"line":45,"column":13},"end":{"line":45,"column":32}}},"11":{"name":"getDescription","line":49,"loc":{"start":{"line":49,"column":20},"end":{"line":49,"column":46}}},"12":{"name":"getUri","line":53,"loc":{"start":{"line":53,"column":12},"end":{"line":53,"column":30}}},"13":{"name":"getLine","line":57,"loc":{"start":{"line":57,"column":13},"end":{"line":57,"column":32}}},"14":{"name":"getTags","line":61,"loc":{"start":{"line":61,"column":13},"end":{"line":61,"column":32}}},"15":{"name":"getScenarios","line":65,"loc":{"start":{"line":65,"column":18},"end":{"line":65,"column":42}}},"16":{"name":"(anonymous_16)","line":70,"loc":{"start":{"line":70,"column":20},"end":{"line":70,"column":39}}}},"statementMap":{"1":{"start":{"line":1,"column":0},"end":{"line":75,"column":1}},"2":{"start":{"line":2,"column":2},"end":{"line":2,"column":43}},"3":{"start":{"line":3,"column":2},"end":{"line":3,"column":35}},"4":{"start":{"line":4,"column":2},"end":{"line":4,"column":28}},"5":{"start":{"line":6,"column":2},"end":{"line":6,"column":16}},"6":{"start":{"line":7,"column":2},"end":{"line":11,"column":3}},"7":{"start":{"line":8,"column":4},"end":{"line":10,"column":7}},"8":{"start":{"line":9,"column":6},"end":{"line":9,"column":39}},"9":{"start":{"line":13,"column":2},"end":{"line":68,"column":4}},"10":{"start":{"line":15,"column":6},"end":{"line":15,"column":59}},"11":{"start":{"line":16,"column":6},"end":{"line":18,"column":9}},"12":{"start":{"line":17,"column":8},"end":{"line":17,"column":53}},"13":{"start":{"line":19,"column":6},"end":{"line":21,"column":7}},"14":{"start":{"line":20,"column":8},"end":{"line":20,"column":28}},"15":{"start":{"line":25,"column":6},"end":{"line":27,"column":9}},"16":{"start":{"line":26,"column":8},"end":{"line":26,"column":53}},"17":{"start":{"line":28,"column":6},"end":{"line":30,"column":7}},"18":{"start":{"line":29,"column":8},"end":{"line":29,"column":35}},"19":{"start":{"line":34,"column":6},"end":{"line":34,"column":59}},"20":{"start":{"line":38,"column":6},"end":{"line":38,"column":26}},"21":{"start":{"line":42,"column":6},"end":{"line":42,"column":27}},"22":{"start":{"line":46,"column":6},"end":{"line":46,"column":23}},"23":{"start":{"line":50,"column":6},"end":{"line":50,"column":30}},"24":{"start":{"line":54,"column":6},"end":{"line":54,"column":17}},"25":{"start":{"line":58,"column":6},"end":{"line":58,"column":32}},"26":{"start":{"line":62,"column":6},"end":{"line":62,"column":18}},"27":{"start":{"line":66,"column":6},"end":{"line":66,"column":23}},"28":{"start":{"line":70,"column":2},"end":{"line":72,"column":5}},"29":{"start":{"line":71,"column":4},"end":{"line":71,"column":30}},"30":{"start":{"line":74,"column":2},"end":{"line":74,"column":14}},"31":{"start":{"line":77,"column":0},"end":{"line":77,"column":25}}},"branchMap":{"1":{"line":7,"type":"if","locations":[{"start":{"line":7,"column":2},"end":{"line":7,"column":2}},{"start":{"line":7,"column":2},"end":{"line":7,"column":2}}]},"2":{"line":19,"type":"if","locations":[{"start":{"line":19,"column":6},"end":{"line":19,"column":6}},{"start":{"line":19,"column":6},"end":{"line":19,"column":6}}]},"3":{"line":28,"type":"if","locations":[{"start":{"line":28,"column":6},"end":{"line":28,"column":6}},{"start":{"line":28,"column":6},"end":{"line":28,"column":6}}]}},"code":["function Feature(data, uri, scenarios) {","  var Cucumber = require('../../cucumber');","  var Gherkin = require('gherkin');","  var _ = require('lodash');","","  var tags = [];","  if (data.tags) {","    tags = data.tags.map(function (tagData) {","      return Cucumber.Ast.Tag(tagData);","    });","  }","","  var self = {","    getStepKeywordByLines: function getStepKeywordByLines(lines) {","      var steps = _.flatten(_.map(data.children, 'steps'));","      var step = _.find(steps, function(node) {","        return _.includes(lines, node.location.line);","      });","      if (step) {","        return step.keyword;","      }","    },","","    getScenarioDescriptionByLines: function getScenarioDescriptionByLines(lines) {","      var element = _.find(data.children, function(node) {","        return _.includes(lines, node.location.line);","      });","      if (element) {","        return element.description;","      }","    },","","    getScenarioKeyword: function() {","      return Gherkin.DIALECTS[self.getLanguage()].scenario;","    },","","    getKeyword: function getKeyword() {","      return data.keyword;","    },","","    getLanguage: function getKeyword() {","      return data.language;","    },","","    getName: function getName() {","      return data.name;","    },","","    getDescription: function getDescription() {","      return data.description;","    },","","    getUri: function getUri() {","      return uri;","    },","","    getLine: function getLine() {","      return data.location.line;","    },","","    getTags: function getTags() {","      return tags;","    },","","    getScenarios: function getScenarios() {","      return scenarios;","    }","  };","","  scenarios.forEach(function(scenario) {","    scenario.setFeature(self);","  });","","  return self;","}","","module.exports = Feature;",""],"l":{"1":1,"2":0,"3":0,"4":0,"6":0,"7":0,"8":0,"9":0,"13":0,"15":0,"16":0,"17":0,"19":0,"20":0,"25":0,"26":0,"28":0,"29":0,"34":0,"38":0,"42":0,"46":0,"50":0,"54":0,"58":0,"62":0,"66":0,"70":0,"71":0,"74":0,"77":1}},"/home/travis/build/npmtest/node-npmtest-cucumber/cucumber/lib/cucumber/ast/filter.js":{"path":"/home/travis/build/npmtest/node-npmtest-cucumber/cucumber/lib/cucumber/ast/filter.js","s":{"1":1,"2":1,"3":0,"4":0,"5":0,"6":0,"7":0,"8":1,"9":1,"10":1,"11":1,"12":1},"b":{},"f":{"1":0,"2":0,"3":0},"fnMap":{"1":{"name":"Filter","line":3,"loc":{"start":{"line":3,"column":0},"end":{"line":3,"column":23}}},"2":{"name":"isElementEnrolled","line":5,"loc":{"start":{"line":5,"column":23},"end":{"line":5,"column":59}}},"3":{"name":"(anonymous_3)","line":6,"loc":{"start":{"line":6,"column":36},"end":{"line":6,"column":52}}}},"statementMap":{"1":{"start":{"line":1,"column":0},"end":{"line":1,"column":2
[...]
e":5,"column":4},"end":{"line":5,"column":4}},{"start":{"line":5,"column":4},"end":{"line":5,"column":4}}]},"2":{"line":7,"type":"if","locations":[{"start":{"line":7,"column":11},"end":{"line":7,"column":11}},{"start":{"line":7,"column":11},"end":{"line":7,"column":11}}]},"3":{"line":13,"type":"if","locations":[{"start":{"line":13,"column":4},"end":{"line":13,"column":4}},{"start":{"line":13,"column":4},"end":{"line":13,"column":4}}]},"4":{"line":15,"type":"if","locations":[{"start":{"line":15,"column":11},"end":{"line":15,"column":11}},{"start":{"line":15,"column":11},"end":{"line":15,"column":11}}]}},"code":["/* jshint -W117 */","","var Exception = {","  registerUncaughtExceptionHandler: function registerUncaughtExceptionHandler(exceptionHandler) {","    if (process.on) {","      process.on('uncaughtException', exceptionHandler);","    } else if (typeof(window) !== 'undefined') {","      window.onerror = exceptionHandler;","    }","  },","","  unregisterUncaughtExceptionHandler: function unregisterUncaughtExceptionHandler(exceptionHandler) {","    if (process.removeListener) {","      process.removeListener('uncaughtException', exceptionHandler);","    } else if (typeof(window) !== 'undefined') {","      window.onerror = void(0);","    }","  }","};","","module.exports = Exception;",""],"l":{"3":1,"5":0,"6":0,"7":0,"8":0,"13":0,"14":0,"15":0,"16":0,"21":1}},"/home/travis/build/npmtest/node-npmtest-cucumber/cucumber/lib/cucumber/util/real_time.js":{"path":"/home/travis/build/npmtest/node-npmtest-cucumber/cucumber/lib/cucumber/util/real_time.js","s":{"1":1,"2":1,"3":1,"4":1,"5":1},"b":{"1":[1,0]},"f":{},"fnMap":{},"statementMap":{"1":{"start":{"line":1,"column":0},"end":{"line":7,"column":2}},"2":{"start":{"line":9,"column":0},"end":{"line":12,"column":1}},"3":{"start":{"line":10,"column":2},"end":{"line":10,"column":51}},"4":{"start":{"line":11,"column":2},"end":{"line":11,"column":55}},"5":{"start":{"line":14,"column":0},"end":{"line":14,"column":25}}},"branchMap":{"1":{"line":9,"type":"if","locations":[{"start":{"line":9,"column":0},"end":{"line":9,"column":0}},{"start":{"line":9,"column":0},"end":{"line":9,"column":0}}]}},"code":["var methods = {","  Date: Date,","  setTimeout: setTimeout.bind(global),","  clearTimeout: clearTimeout.bind(global),","  setInterval: setInterval.bind(global),","  clearInterval: clearInterval.bind(global)","};","","if (typeof setImmediate !== 'undefined') {","  methods.setImmediate = setImmediate.bind(global);","  methods.clearImmediate = clearImmediate.bind(global);","}","","module.exports = methods;",""],"l":{"1":1,"9":1,"10":1,"11":1,"14":1}},"/home/travis/build/npmtest/node-npmtest-cucumber/cucumber/lib/cucumber/util/reg_exp.js":{"path":"/home/travis/build/npmtest/node-npmtest-cucumber/cucumber/lib/cucumber/util/reg_exp.js","s":{"1":1,"2":0,"3":0,"4":1,"5":1,"6":1},"b":{},"f":{"1":0},"fnMap":{"1":{"name":"escapeString","line":2,"loc":{"start":{"line":2,"column":16},"end":{"line":2,"column":46}}}},"statementMap":{"1":{"start":{"line":1,"column":0},"end":{"line":6,"column":2}},"2":{"start":{"line":3,"column":4},"end":{"line":3,"column":85}},"3":{"start":{"line":4,"column":4},"end":{"line":4,"column":19}},"4":{"start":{"line":8,"column":0},"end":{"line":8,"column":57}},"5":{"start":{"line":9,"column":0},"end":{"line":9,"column":36}},"6":{"start":{"line":10,"column":0},"end":{"line":10,"column":25}}},"branchMap":{},"code":["var _RegExp = {","  escapeString: function escapeString(string) {","    var escaped = string.replace(_RegExp.ESCAPE_PATTERN, _RegExp.ESCAPE_REPLACEMENT);","    return escaped;","  }","};","","_RegExp.ESCAPE_PATTERN     = /[-[\\]{}()*+?.\\\\^$|#\\n\\/]/g;","_RegExp.ESCAPE_REPLACEMENT = '\\\\$&';","module.exports = _RegExp;",""],"l":{"1":1,"3":0,"4":0,"8":1,"9":1,"10":1}},"/home/travis/build/npmtest/node-npmtest-cucumber/cucumber/lib/cucumber/util/run.js":{"path":"/home/travis/build/npmtest/node-npmtest-cucumber/cucumber/lib/cucumber/util/run.js","s":{"1":1,"2":1,"3":1,"4":1,"5":0,"6":0,"7":1,"8":0,"9":0,"10":0,"11":0,"12":0,"13":0,"14":0,"15":0,"16":0,"17":0,"18":0,"19":0,"20":0,"21":0,"22":0,"23":0,"24":0,"25":0,"26":0,"27":0,"28":0,"29":0,"30":0,"31":0,"32":0,"33":0,"34":0,"35":1},"b":{"1":[0,0],"2":[0,0],"3":[0,0],"4":[0,0],"5":[0,0],"6":[0,0],"7":[0,0],"8":[0,0],"9":[0,0],"10":[0,0]},"f":{"1":0,"2":0,"3":0,"4":0,"5":0,"6":0},"fnMap":{"1":{"name":"run","line":5,"loc":{"start":{"line":5,"column":0},"end":{"line":5,"column":70}}},"2":{"name":"finish","line":9,"loc":{"start":{"line":9,"column":2},"end":{"line":9,"column":33}}},"3":{"name":"(anonymous_3)","line":18,"loc":{"start":{"line":18,"column":15},"end":{"line":18,"column":26}}},"4":{"name":"(anonymous_4)","line":23,"loc":{"start":{"line":23,"column":48},"end":{"line":23,"column":58}}},"5":{"name":"(anonymous_5)","line":45,"loc":{"start":{"line":45,"column":16},"end":{"line":45,"column":32}}},"6":{"name":"(anonymous_6)","line":47,"loc":{"start":{"line":47,"column":7},"end":{"line":47,"column":23}}}},"statementMap":{"1":{"start":{"line":1,"column":0},"end":{"line":1,"column":23}},"2":{"start":{"line":2,"column":0},"end":{"line":2,"column":27}},"3":{"start":{"line":3,"column":0},"end":{"line":3,"column":47}},"4":{"start":{"line":5,"column":0},"end":{"line":53,"column":1}},"5":{"start":{"line":6,"column":2},"end":{"line":6,"column":43}},"6":{"start":{"line":7,"column":2},"end":{"line":7,"column":16}},"7":{"start":{"line":9,"column":2},"end":{"line":19,"column":3}},"8":{"start":{"line":10,"column":4},"end":{"line":10,"column":71}},"9":{"start":{"line":11,"column":4},"end":{"line":13,"column":5}},"10":{"start":{"line":12,"column":6},"end":{"line":12,"column":53}},"11":{"start":{"line":14,"column":4},"end":{"line":16,"column":5}},"12":{"start":{"line":15,"column":6},"end":{"line":15,"column":33}},"13":{"start":{"line":17,"column":4},"end":{"line":17,"column":28}},"14":{"start":{"line":18,"column":4},"end":{"line":18,"column":29}},"15":{"start":{"line":21,"column":2},"end":{"line":21,"column":25}},"16":{"start":{"line":23,"column":2},"end":{"line":25,"column":28}},"17":{"start":{"line":24,"column":4},"end":{"line":24,"column":82}},"18":{"start":{"line":27,"column":2},"end":{"line":27,"column":67}},"19":{"start":{"line":29,"column":2},"end":{"line":29,"column":13}},"20":{"start":{"line":30,"column":2},"end":{"line":38,"column":3}},"21":{"start":{"line":31,"column":4},"end":{"line":35,"column":5}},"22":{"start":{"line":32,"column":6},"end":{"line":32,"column":53}},"23":{"start":{"line":34,"column":6},"end":{"line":34,"column":44}},"24":{"start":{"line":37,"column":4},"end":{"line":37,"column":25}},"25":{"start":{"line":40,"column":2},"end":{"line":40,"column":57}},"26":{"start":{"line":41,"column":2},"end":{"line":41,"column":69}},"27":{"start":{"line":42,"column":2},"end":{"line":52,"column":3}},"28":{"start":{"line":43,"column":4},"end":{"line":43,"column":64}},"29":{"start":{"line":44,"column":9},"end":{"line":52,"column":3}},"30":{"start":{"line":45,"column":4},"end":{"line":49,"column":7}},"31":{"start":{"line":46,"column":6},"end":{"line":46,"column":27}},"32":{"start":{"line":48,"column":6},"end":{"line":48,"column":42}},"33":{"start":{"line":50,"column":9},"end":{"line":52,"column":3}},"34":{"start":{"line":51,"column":4},"end":{"line":51,"column":25}},"35":{"start":{"line":55,"column":0},"end":{"line":55,"column":21}}},"branchMap":{"1":{"line":11,"type":"if","locations":[{"start":{"line":11,"column":4},"end":{"line":11,"column":4}},{"start":{"line":11,"column":4},"end":{"line":11,"column":4}}]},"2":{"line":14,"type":"if","locations":[{"start":{"line":14,"column":4},"end":{"line":14,"column":4}},{"start":{"line":14,"column":4},"end":{"line":14,"column":4}}]},"3":{"line":14,"type":"binary-expr","locations":[{"start":{"line":14,"column":8},"end":{"line":14,"column":13}},{"start":{"line":14,"column":17},"end":{"line":14,"column":42}}]},"4":{"line":31,"type":"if","locations":[{"start":{"line":31,"column":4},"end":{"line":31,"column":4}},{"start":{"line":31,"column":4},"end":{"line":31,"column":4}}]},"5":{"line":41,"type":"binary-expr","locations":[{"start":{"line":41,"column":25},"end":{"line":41,"column":31}},{"start":{"line":41,"column":35},"end":{"line":41,"column":68}}]},"6":{"line":42,"type":"if","locations":[{"start":{"line":42,"column":2},"end":{"line":42,"column":2}},{"start":{"line":42,"column":2},"end":{"line":42,"column":2}}]},"7":{"line":42,"type":"binary-expr","locations":[{"start":{"line":42,"column":6},"end":{"line":42,"column":23}},{"start":{"line":42,"column":27},"end":{"line":42,"column":43}}]},"8":{"line":44,"type":"if","locations":[{"start":{"line":44,"column":9},"end":{"line":44,"column":9}},{"start":{"line":44,"column":9},"end":{"line":44,"column":9}}]},"9":{"line":48,"type":"binary-expr","locations":[{"start":{"line":48,"column":13},"end":{"line":48,"column":18}},{"start":{"line":48,"column":22},"end":{"line":48,"column":40}}]},"10":{"line":50,"type":"if","locations":[{"start":{"line":50,"column":9},"end":{"line":50,"column":9}},{"start":{"line":50,"column":9},"end":{"line":50,"column":9}}]}},"code":["var co = require('co');","var util = require('util');","var isGeneratorFn = require('is-generator').fn;","","function run(fn, thisArg, argsArray, timeoutInMilliseconds, callback) {","  var Cucumber = require('../../cucumber');","  var timeoutId;","","  function finish(error, result) {","    Cucumber.Util.Exception.unregisterUncaughtExceptionHandler(finish);","    if (timeoutId) {","      Cucumber.Util.RealTime.clearTimeout(timeoutId);","    }","    if (error && !(error instanceof Error)) {","      error = util.format(error);","    }","    callback(error, result);","    callback = function() {};","  }","","  argsArray.push(finish);","","  timeoutId = Cucumber.Util.RealTime.setTimeout(function(){","    finish('function timed out after ' + timeoutInMilliseconds + ' milliseconds');","  }, timeoutInMilliseconds);","","  Cucumber.Util.Exception.registerUncaughtExceptionHandler(finish);","","  var result;","  try {","    if (isGeneratorFn(fn)) {","      result = co.wrap(fn).apply(thisArg, argsArray);","    } else {","      result = fn.apply(thisArg, argsArray);","    }","  } catch (error) {","    return finish(error);","  }","","  var callbackInterface = fn.length === argsArray.length;","  var promiseInterface = result && typeof result.then === 'function';","  if (callbackInterface && promiseInterface) {","    finish('function accepts a callback and returns a promise');","  } else if (promiseInterface) {","    result.then(function(result){","      finish(null, result);","    }, function(error) {","      finish(error || 'Promise rejected');","    });","  } else if (!callbackInterface) {","    finish(null, result);","  }","}","","module.exports = run;",""],"l":{"1":1,"2":1,"3":1,"5":1,"6":0,"7":0,"9":1,"10":0,"11":0,"12":0,"14":0,"15":0,"17":0,"18":0,"21":0,"23":0,"24":0,"27":0,"29":0,"30":0,"31":0,"32":0,"34":0,"37":0,"40":0,"41":0,"42":0,"43":0,"44":0,"45":0,"46":0,"48":0,"50":0,"51":0,"55":1}},"/home/travis/build/npmtest/node-npmtest-cucumber/cucumber/lib/cucumber/util/string.js":{"path":"/home/travis/build/npmtest/node-npmtest-cucumber/cucumber/lib/cucumber/util/string.js","s":{"1":1,"2":0,"3":0,"4":1},"b":{},"f":{"1":0},"fnMap":{"1":{"name":"count","line":2,"loc":{"start":{"line":2,"column":9},"end":{"line":2,"column":42}}}},"statementMap":{"1":{"start":{"line":1,"column":0},"end":{"line":6,"column":2}},"2":{"start":{"line":3,"column":4},"end":{"line":3,"column":47}},"3":{"start":{"line":4,"column":4},"end":{"line":4,"column":36}},"4":{"start":{"line":7,"column":0},"end":{"line":7,"column":25}}},"branchMap":{},"code":["var _String = {","  count: function count(hayStack, needle) {","    var splitHayStack = hayStack.split(needle);","    return splitHayStack.length - 1;","  }","};","module.exports = _String;",""],"l":{"1":1,"3":0,"4":0,"7":1}},"/home/travis/build/npmtest/node-npmtest-cucumber/cucumber/lib/cucumber/util/colors.js":{"path":"/home/travis/build/npmtest/node-npmtest-cucumber/cucumber/lib/cucumber/util/colors.js","s":{"1":1,"2":1,"3":0,"4":0,"5":1},"b":{},"f":{"1":0},"fnMap":{"1":{"name":"Colors","line":3,"loc":{"start":{"line":3,"column":0},"end":{"line":3,"column":28}}}},"statementMap":{"1":{"start":{"line":1,"column":0},"end":{"line":1,"column":36}},"2":{"start":{"line":3,"column":0},"end":{"line":16,"column":1}},"3":{"start":{"line":4,"column":2},"end":{"line":4,"column":29}},"4":{"start":{"line":5,"column":2},"end":{"line":15,"column":4}},"5":{"start":{"line":18,"column":0},"end":{"line":18,"column":24}}},"branchMap":{},"code":["var colors = require('colors/safe');","","function Colors (useColors) {","  colors.enabled = useColors;","  return {","    ambiguous: colors.red,","    bold: colors.bold,","    failed: colors.red,","    location: colors.grey,","    passed: colors.green,","    pending: colors.yellow,","    skipped: colors.cyan,","    tag: colors.cyan,","    undefined: colors.yellow","  };","}","","module.exports = Colors;",""],"l":{"1":1,"3":1,"4":0,"5":0,"18":1}},"/home/travis/build/npmtest/node-npmtest-cucumber/cucumber/lib/cucumber/volatile_configuration.js":{"path":"/home/travis/build/npmtest/node-npmtest-cucumber/cucumber/lib/cucumber/volatile_configuration.js","s":{"1":1,"2":0,"3":0,"4":0,"5":0,"6":0,"7":0,"8":0,"9":0,"10":0,"11":0,"12":0,"13":0,"14":0,"15":0,"16":0,"17":0,"18":0,"19":0,"20":0,"21":0,"22":0,"23":0,"24":0,"25":0,"26":0,"27":0,"28":0,"29":0,"30":0,"31":1,"32":1},"b":{"1":[0,0],"2":[0,0],"3":[0,0],"4":[0,0]},"f":{"1":0,"2":0,"3":0,"4":0,"5":0,"6":0,"7":0,"8":0,"9":0,"10":0},"fnMap":{"1":{"name":"VolatileConfiguration","line":1,"loc":{"start":{"line":1,"column":0},"end":{"line":1,"column":74}}},"2":{"name":"isStrictRequested","line":12,"loc":{"start":{"line":12,"column":23},"end":{"line":12,"column":52}}},"3":{"name":"getFeatureSources","line":16,"loc":{"start":{"line":16,"column":23},"end":{"line":16,"column":52}}},"4":{"name":"getAstFilter","line":25,"loc":{"start":{"line":25,"column":18},"end":{"line":25,"column":42}}},"5":{"name":"getSupportCodeLibrary","line":31,"loc":{"start":{"line":31,"column":27},"end":{"line":31,"column":60}}},"6":{"name":"getTagAstFilterRules","line":35,"loc":{"start":{"line":35,"column":26},"end":{"line":35,"column":58}}},"7":{"name":"(anonymous_7)","line":37,"loc":{"start":{"line":37,"column":30},"end":{"line":37,"column":56}}},"8":{"name":"buildAstFilterRuleFromTagGroupString","line":44,"loc":{"start":{"line":44,"column":42},"end":{"line":44,"column":104}}},"9":{"name":"shouldFilterStackTraces","line":51,"loc":{"start":{"line":51,"column":29},"end":{"line":51,"column":64}}},"10":{"name":"getWorldParameters","line":55,"loc":{"start":{"line":55,"column":24},"end":{"line":55,"column":54}}}},"statementMap":{"1":{"start":{"line":1,"column":0},"end":{"line":60,"column":1}},"2":{"start":{"line":2,"column":2},"end":{"line":2,"column":40}},"3":{"start":{"line":3,"column":2},"end":{"line":3,"column":80}},"4":{"start":{"line":5,"column":2},"end":{"line":5,"column":26}},"5":{"start":{"line":6,"column":2},"end":{"line":6,"column":36}},"6":{"start":{"line":7,"column":2},"end":{"line":7,"column":43}},"7":{"start":{"line":8,"column":2},"end":{"line":8,"column":38}},"8":{"start":{"line":9,"column":2},"end":{"line":9,"column":54}},"9":{"start":{"line":11,"column":2},"end":{"line":58,"column":4}},"10":{"start":{"line":13,"column":6},"end":{"line":13,"column":24}},"11":{"start":{"line":17,"column":6},"end":{"line":22,"column":7}},"12":{"start":{"line":18,"column":8},"end":{"line":18,"column":90}},"13":{"start":{"line":19,"column":8},"end":{"line":19,"column":39}},"14":{"start":{"line":21,"column":8},"end":{"line":21,"column":24}},"15":{"start":{"line":26,"column":6},"end":{"line":26,"column":49}},"16":{"start":{"line":27,"column":6},"end":{"line":27,"column":52}},"17":{"start":{"line":28,"column":6},"end":{"line":28,"column":23}},"18":{"start":{"line":32,"column":6},"end":{"line":32,"column":32}},"19":{"start":{"line":36,"column":6},"end":{"line":36,"column":21}},"20":{"start":{"line":37,"column":6},"end":{"line":40,"column":9}},"21":{"start":{"line":38,"column":8},"end":{"line":38,"column":77}},"22":{"start":{"line":39,"column":8},"end":{"line":39,"column":25}},"23":{"start":{"line":41,"column":6},"end":{"line":41,"column":19}},"24":{"start":{"line":45,"column":6},"end":{"line":45,"column":67}},"25":{"start":{"line":46,"column":6},"end":{"line":46,"column":50}},"26":{"start":{"line":47,"column":6},"end":{"line":47,"column":71}},"27":{"start":{"line":48,"column":6},"end":{"line":48,"column":18}},"28":{"start":{"line":52,"column":6},"end":{"line":52,"column":24}},"29":{"start":{"line":56,"column":6},"end":{"line":56,"column":29}},"30":{"start":{"line":59,"column":2},"end":{"line":59,"column":14}},"31":{"start":{"line":62,"column":0},"end":{"line":62,"column":56}},"32":{"start":{"line":64,"column":0},"end":{"line":64,"column":39}}},"branchMap":{"1":{"line":5,"type":"binary-expr","locations":[{"start":{"line":5,"column":12},"end":{"line":5,"column":19}},{"start":{"line":5,"column":23},"end":{"line":5,"column":25}}]},"2":{"line":7,"type":"binary-expr","locations":[{"start":{"line":7,"column":24},"end":{"line":7,"column":36}},{"start":{"line":7,"column":40},"end":{"line":7,"column":42}}]},"3":{"line":9,"type":"binary-expr","locations":[{"start":{"line":9,"column":24},"end":{"line":9,"column":47}},{"start":{"line":9,"column":51},"end":{"line":9,"column":53}}]},"4":{"line":17,"type":"if","locations":[{"start":{"line":17,"column":6},"end":{"line":17,"column":6}},{"start":{"line":17,"column":6},"end":{"line":17,"column":6}}]}},"code":["function VolatileConfiguration(features, supportCodeInitializer, options) {","  var Cucumber = require('../cucumber');","  var supportCodeLibrary = Cucumber.SupportCode.Library(supportCodeInitializer);","","  options = options || {};","  var strictMode = !!options.strict;","  var tagGroupStrings = options.tags || [];","  var backtrace = !!options.backtrace;","  var worldParameters = options.worldParameters || {};","","  var self = {","    isStrictRequested: function isStrictRequested() {","      return strictMode;","    },","","    getFeatureSources: function getFeatureSources() {","      if (features.replace) { // single source","        var featureNameSourcePair = [VolatileConfiguration.FEATURE_SOURCE_NAME, features];","        return [featureNameSourcePair];","      } else { // multiple features","        return features;","      }","    },","","    getAstFilter: function getAstFilter() {","      var tagRules = self.getTagAstFilterRules();","      var astFilter = Cucumber.Ast.Filter(tagRules);","      return astFilter;","    },","","    getSupportCodeLibrary: function getSupportCodeLibrary() {","      return supportCodeLibrary;","    },","","    getTagAstFilterRules: function getTagAstFilterRules() {","      var rules = [];","      tagGroupStrings.forEach(function (tagGroupString) {","        var rule = self.buildAstFilterRuleFromTagGroupString(tagGroupString);","        rules.push(rule);","      });","      return rules;","    },","","    buildAstFilterRuleFromTagGroupString: function buildAstFilterRuleFromTagGroupString(tagGroupString) {","      var tagGroupParser = Cucumber.TagGroupParser(tagGroupString);","      var tagGroup       = tagGroupParser.parse();","      var rule           = Cucumber.Ast.Filter.AnyOfTagsRule(tagGroup);","      return rule;","    },","","    shouldFilterStackTraces: function shouldFilterStackTraces() {","      return !backtrace;","    },","","    getWorldParameters: function getWorldParameters() {","      return worldParameters;","    }","  };","  return self;","}","","VolatileConfiguration.FEATURE_SOURCE_NAME = '(feature)';","","module.exports = VolatileConfiguration;",""],"l":{"1":1,"2":0,"3":0,"5":0,"6":0,"7":0,"8":0,"9":0,"11":0,"13":0,"17":0,"18":0,"19":0,"21":0,"26":0,"27":0,"28":0,"32":0,"36":0,"37":0,"38":0,"39":0,"41":0,"45":0,"46":0,"47":0,"48":0,"52":0,"56":0,"59":0,"62":1,"64":1}}}